Pinterest Downloader: Version 1.9

Input URL: https://www.pinterest.com/fredguth/stephan-doitschinoff/
Folder URL: https://www.pinterest.com/fredguth/stephan-doitschinoff/

[ 1 ] Pin Id: 407927678717397135

Title: Stephan Doitschinoff / Calma
Description: Stephan Doitschinoff
Link: http://www.booooooom.com/2010/01/06/stephan-doitschinoff-calma/

[ 2 ] Pin Id: 407927678717397136

Title: Stephan Doitschinoff - Jonathan Levine Projects
Description: Stephan Doitschinoff at JONATHAN LEVINE GALLERY
Link: http://www.jonathanlevinegallery.com/?method=Art.Detail&ArtistID=66AEF3A2-19DB-5802-E0EE0F8A07C16C2D&ArtID=1FEEBF7E-0514-582A-8B24C5709099D175&artidx=2

[ 3 ] Pin Id: 407927678717397137

Title: Default Web Site Page
Description: Stephan Doitschinoff . To the Stars Through Thorns
Link: http://www.jonathanlevinegallery.com/?method=Art.Detail&ArtistID=66AEF3A2-19DB-5802-E0EE0F8A07C16C2D&ArtID=A17DD074-19DB-5802-E0FCBACC50FAD214&artidx=7

[ 4 ] Pin Id: 407927678717397138

Title: Stephan Doitschinoff - Jonathan Levine Projects
Description: by Stephan Doitschinoff
Link: http://www.jonathanlevinegallery.com/?method=Exhibit.ExhibitArt&ExhibitID=9B127075-19DB-5802-E006FE3771379827&ArtistID=66AEF3A2-19DB-5802-E0EE0F8A07C16C2D&artidx=15&artistidx=1

[ 5 ] Pin Id: 407927678717397139

Title: Stephan Doitschinoff - Jonathan Levine Projects
Description: Stephan Doitschinoff - Oratorio
Link: http://www.jonathanlevinegallery.com/?method=Exhibit.ExhibitArt&ExhibitID=9B127075-19DB-5802-E006FE3771379827&ArtistID=66AEF3A2-19DB-5802-E0EE0F8A07C16C2D&artidx=7&artistidx=1#.UCCD5oGsv8Y.pinterest

[ 6 ] Pin Id: 407927678717397140

Title: Default Web Site Page
Description: Stephan Doitschinoff - O Homem Apropriado (Appropriated Man)
Link: http://www.jonathanlevinegallery.com/?method=Exhibit.ExhibitArt&ExhibitID=9B127075-19DB-5802-E006FE3771379827&ArtistID=66AEF3A2-19DB-5802-E0EE0F8A07C16C2D&artidx=1&artistidx=1#.UCB_06I1qEA.pinterest

[ 7 ] Pin Id: 407927678717397141

Title: Ilustraciones eclesiásticas del brasileño CALMA + video
Description: CALMA - Stephan Doitschinoff
Link: http://www.taringa.net/posts/imagenes/2909997/Ilustraciones-eclesiasticas-del-brasileno-CALMA-_-video.html

[ 8 ] Pin Id: 407927678717397142

Description: stephan doitschinoff

[ 9 ] Pin Id: 407927678717397144

Description: Stephan Doitschinoff
Link: http://choquecultural.com.br/blogs/stephandoit/

[ 10 ] Pin Id: 407927678717397145

Description: Stephan Doitschinoff
Link: http://choquecultural.com.br/blogs/stephandoit/

[ 11 ] Pin Id: 407927678717397146

Title: A mão Naista
Description: stephan doitschinoff
Link: http://doitschinoff.com/gallery/a-mao/

[ 12 ] Pin Id: 407927678717397147

Description: Stephan Doitschinoff
Link: http://beforeigoinsane.files.wordpress.com/2010/03/retrato-stephan-doitschinoff-por-gal-oppido_web.jpg

[ 13 ] Pin Id: 407927678717397148

Title: Meet... Stephan Doitschinoff a.k.a. Calma
Description: Stephan Doitschinoff a.k.a. Calma
Link: http://omeugraffiti.blogspot.com.br/2011/06/meet-stephan-doitschinoff-aka-calma.html

[ 14 ] Pin Id: 407927678717397149

Title: Stephan Doitschinoff - Jonathan Levine Projects
Description: Stephan Doitschinoff aka Calma
Link: http://www.jonathanlevinegallery.com/?method=Exhibit.ExhibitArt&ExhibitID=9B127075-19DB-5802-E006FE3771379827&ArtistID=66AEF3A2-19DB-5802-E0EE0F8A07C16C2D&artidx=3&artistidx=1

[ 15 ] Pin Id: 407927678717397150

Title: Stephan Doitschinoff - Jonathan Levine Projects
Description: Stephan Doitschinoff  Novo Mundo (New World)
Link: http://www.jonathanlevinegallery.com/?method=Exhibit.ExhibitArt&ExhibitID=9B127075-19DB-5802-E006FE3771379827&ArtistID=66AEF3A2-19DB-5802-E0EE0F8A07C16C2D&artidx=5&artistidx=1

[ 16 ] Pin Id: 407927678717397151

Title: Default Web Site Page
Description: Stephan Doitschinoff - Hiero Gamos (Sacred Marriage)
Link: http://www.jonathanlevinegallery.com/?method=Exhibit.ExhibitArt&ExhibitID=9B127075-19DB-5802-E006FE3771379827&ArtistID=66AEF3A2-19DB-5802-E0EE0F8A07C16C2D&artidx=33&artistidx=1

[ 17 ] Pin Id: 407927678717397152

Title: Default Web Site Page
Description: Stephan Doitschinoff . To the Stars Through Thorns
Link: http://www.jonathanlevinegallery.com/?method=Art.Detail&ArtistID=66AEF3A2-19DB-5802-E0EE0F8A07C16C2D&ArtID=A17DD074-19DB-5802-E0FCBACC50FAD214&artidx=7

[ 18 ] Pin Id: 407927678717397153

Title: Stephan Doitschinoff - Jonathan Levine Projects
Description: Stephan Doitschinoff
Link: http://www.jonathanlevinegallery.com/?method=Exhibit.ExhibitArt&ExhibitID=9B127075-19DB-5802-E006FE3771379827&ArtistID=66AEF3A2-19DB-5802-E0EE0F8A07C16C2D&artidx=17&artistidx=1

[ 19 ] Pin Id: 407927678717397154

Description: Stephan Doitschinoff
Link: http://www.google.com.br/imgres?hl=pt-BR&sa=X&biw=1210&bih=679&tbm=isch&prmd=imvns&tbnid=hN02q9Gup_rFIM:&imgrefurl=http://outedblog.wordpress.com/tag/stephan-doitschinoff/&docid=ibm2Nf-4o1NiZM&imgurl=http://outedblog.files.wordpress.com/2009/05/372467148.jpg&w=477&h=500&ei=dehpT7DcLOOy2wXCgb2hCQ&zoom=1&iact=rc&dur=430&sig=114948386913924426592&page=2&tbnh=150&tbnw=140&start=22&ndsp=27&ved=1t:429,r:2,s:22&tx=72&ty=53

[ 20 ] Pin Id: 407927678717397155

Title: Default Web Site Page
Description: Stephan Doitschinoff
Link: http://www.jonathanlevinegallery.com/?method=Exhibit.ExhibitDescription&ExhibitID=9B127075-19DB-5802-E006FE3771379827

[ 21 ] Pin Id: 407927678717397184

Description: Stephan
Link: http://doitschinoff.com/gallery/paintings/

[ 22 ] Pin Id: 407927678717397186

Description: doit
Link: http://doitschinoff.com/gallery/paintings/

[ 23 ] Pin Id: 407927678717397187

Description: vox clamantis
Link: http://doitschinoff.com/editions/

[ 24 ] Pin Id: 407927678717397192

Title: brilho-do-sol-2
Description: Portugal
Link: http://doitschinoff.com/gallery/brilho-do-sol-2/

[ 25 ] Pin Id: 407927678717397194

Title: brilho-do-sol-2
Description: Portugal
Link: http://doitschinoff.com/gallery/brilho-do-sol-2/

[ 26 ] Pin Id: 407927678717397195

Title: brilho-do-sol-2
Description: Portugal
Link: http://doitschinoff.com/gallery/brilho-do-sol-2/

[ 27 ] Pin Id: 407927678717397197

Title: brilho-do-sol-2
Description: Portugal
Link: http://doitschinoff.com/gallery/brilho-do-sol-2/

[ 28 ] Pin Id: 407927678717397198

Title: brilho-do-sol-2
Description: Brilho do Sol - Lisboa - Portugal
Link: http://doitschinoff.com/gallery/brilho-do-sol-2/

[ 29 ] Pin Id: 407927678717397200

Description: Tudo é vaidade
Link: http://doitschinoff.com/gallery/tudo-e-vaidade-en/

[ 30 ] Pin Id: 407927678717397202

Description: Tudo é vaidade
Link: http://doitschinoff.com/gallery/tudo-e-vaidade-en/

[ 31 ] Pin Id: 407927678717397203

Description: Oratorios
Link: http://doitschinoff.com/gallery/tudo-e-vaidade-en/

[ 32 ] Pin Id: 407927678717397464

Title: Home
Description: Stephan Doitschinoff aka Calma | Art & Design | Lifelounge
Link: http://www.lifelounge.com.au/art-and-design/news/stephan-doitschinoff-aka-calma.aspx

[ 33 ] Pin Id: 407927678717397672

Description: calma 1
Link: http://www.subaquatica.com/en/index.php/2006/04/30/stephan-doitschinoff-aka-calma/

[ 34 ] Pin Id: 407927678717397673

Description: calma 2
Link: http://www.subaquatica.com/en/index.php/2006/04/30/stephan-doitschinoff-aka-calma/

[ 35 ] Pin Id: 407927678717397674

Description: calma fridge
Link: http://www.subaquatica.com/en/index.php/2006/04/30/stephan-doitschinoff-aka-calma/

[ 36 ] Pin Id: 407927678717397675

Description: calma 3
Link: http://www.subaquatica.com/en/index.php/2006/04/30/stephan-doitschinoff-aka-calma/

[ 37 ] Pin Id: 407927678717397676

Description: calma 4
Link: http://www.subaquatica.com/en/index.php/2006/04/30/stephan-doitschinoff-aka-calma/

[ 38 ] Pin Id: 407927678717397677

Description: calma 5
Link: http://www.subaquatica.com/en/index.php/2006/04/30/stephan-doitschinoff-aka-calma/

[ 39 ] Pin Id: 407927678717397678

Description: calma c2
Link: http://www.subaquatica.com/en/index.php/2006/04/30/stephan-doitschinoff-aka-calma/

[ 40 ] Pin Id: 407927678717397679

Description: calma 6
Link: http://www.subaquatica.com/en/index.php/2006/04/30/stephan-doitschinoff-aka-calma/

[ 41 ] Pin Id: 407927678717397680

Description: calma 7
Link: http://www.subaquatica.com/en/index.php/2006/04/30/stephan-doitschinoff-aka-calma/

[ 42 ] Pin Id: 407927678717397681

Description: calma 8
Link: http://www.subaquatica.com/en/index.php/2006/04/30/stephan-doitschinoff-aka-calma/

[ 43 ] Pin Id: 407927678717397682

Description: calma 9
Link: http://www.subaquatica.com/en/index.php/2006/04/30/stephan-doitschinoff-aka-calma/

[ 44 ] Pin Id: 407927678717397683

Description: STEPHAN DOITSCHINOFF’S HYBRID THEORY - onesmallseed pop culture community
Link: http://www.onesmallseed.net/profiles/blogs/stephan-doitschinoffs-hybrid

[ 45 ] Pin Id: 407927678717397684

Description: STEPHAN DOITSCHINOFF’S HYBRID THEORY - onesmallseed pop culture community
Link: http://www.onesmallseed.net/profiles/blogs/stephan-doitschinoffs-hybrid

[ 46 ] Pin Id: 407927678717397685

Description: STEPHAN DOITSCHINOFF’S HYBRID THEORY - onesmallseed pop culture community
Link: http://www.onesmallseed.net/profiles/blogs/stephan-doitschinoffs-hybrid

[ 47 ] Pin Id: 407927678717397686

Description: STEPHAN DOITSCHINOFF’S HYBRID THEORY - onesmallseed pop culture community
Link: http://www.onesmallseed.net/profiles/blogs/stephan-doitschinoffs-hybrid

[ 48 ] Pin Id: 407927678717397687

Description: STEPHAN DOITSCHINOFF’S HYBRID THEORY - onesmallseed pop culture community
Link: http://www.onesmallseed.net/profiles/blogs/stephan-doitschinoffs-hybrid

[ 49 ] Pin Id: 407927678717397688

Description: STEPHAN DOITSCHINOFF’S HYBRID THEORY - onesmallseed pop culture community
Link: http://www.onesmallseed.net/profiles/blogs/stephan-doitschinoffs-hybrid

[ 50 ] Pin Id: 407927678717397689

Title: Stephan Doitschinoff
Description: Stephan Doitschinoff 5
Link: http://www.escapeintolife.com/artist-watch/stephan-doitschinoff/

[ 51 ] Pin Id: 407927678717397690

Title: Stephan Doitschinoff
Description: Stephan Doitschinoff 8
Link: http://www.escapeintolife.com/artist-watch/stephan-doitschinoff/

[ 52 ] Pin Id: 407927678717397134

Title: Stephan Doitschinoff / Calma
Description: Stephan Doitschinoff
Link: http://www.booooooom.com/2010/01/06/stephan-doitschinoff-calma/

[ 53 ] Pin Id: 407927678717396962

Title: Stephan Doitschinoff - Jonathan Levine Projects
Description: Stephan Doitschinoff at JONATHAN LEVINE GALLERY
Link: http://www.jonathanlevinegallery.com/?method=Art.Detail&ArtistID=66AEF3A2-19DB-5802-E0EE0F8A07C16C2D&ArtID=1FEEBF7E-0514-582A-8B24C5709099D175&artidx=2

[ 54 ] Pin Id: 407927678717396961

Title: Default Web Site Page
Description: Stephan Doitschinoff . To the Stars Through Thorns
Link: http://www.jonathanlevinegallery.com/?method=Art.Detail&ArtistID=66AEF3A2-19DB-5802-E0EE0F8A07C16C2D&ArtID=A17DD074-19DB-5802-E0FCBACC50FAD214&artidx=7

[ 55 ] Pin Id: 407927678717398420

Link: http://2.bp.blogspot.com/_XNb-58T4_SQ/TNr2ziz1pBI/AAAAAAAABSE/v2GJ4lutrXE/s1600/stephan.jpg

[ 56 ] Pin Id: 407927678717398421

Title: iStyle - Camila Espinosa Diniz - Betty - Be true to yourself
Description: camila05
Link: http://www.bettys.com.br/moda/istyle-camila-espinosa-diniz/

[ 57 ] Pin Id: 407927678717398422

Description: Exposição Stephan Doitschinoff em Belo Horizonte
Link: http://www.vorkurs.com.br/page/50/

[ 58 ] Pin Id: 407927678717398423

Title: RRAURL NO MORE
Description: Agricultura
Link: http://rraurl.com/cena/7249/Premiado_Stephan_Doitschinoff_tera_exposicao_solo_na_Choque_Cultural

[ 59 ] Pin Id: 407927678717424098

Title: stephan doitschinoff | Tumblr
Description: tatoo
Link: http://www.tumblr.com/tagged/stephan-doitschinoff?before=1331941080

[ 60 ] Pin Id: 407927678717424101

Title: stephan doitschinoff | Tumblr
Description: hiero gamos
Link: http://www.tumblr.com/tagged/stephan-doitschinoff?before=1331941080

[ 61 ] Pin Id: 407927678717645469

Description: gravura
Link: http://sphotos-b.ak.fbcdn.net/hphotos-ak-ash3/c0.0.403.403/p403x403/534074_379421192141806_1178796822_n.jpg

[ 62 ] Pin Id: 407927678717645470

Description: gravura
Link: http://doitschinoff.com/pt-br/blog-pt/mef-nova-gravura-de-stephan-doitschinoff-acaba-de-ser-lancada-2/

[ 63 ] Pin Id: 407927678717645474

Description: detalhe
Link: http://sphotos-a.ak.fbcdn.net/hphotos-ak-ash4/c0.61.843.403/p843x403/484946_379007325516526_541230706_n.jpg

[ 64 ] Pin Id: 407927678717645475

Description: tatoo
Link: http://sphotos-a.ak.fbcdn.net/hphotos-ak-ash3/546891_375700275847231_490575706_n.jpg

[ 65 ] Pin Id: 407927678717645476

Description: cras
Link: http://sphotos-g.ak.fbcdn.net/hphotos-ak-ash4/c0.0.843.403/p843x403/304072_357912247626034_718920865_n.jpg

[ 66 ] Pin Id: 407927678717645479

Description: cristo
Link: http://sphotos-c.ak.fbcdn.net/hphotos-ak-snc7/c0.0.403.403/p403x403/318786_10151049206083308_539482258_n.jpg

[ 67 ] Pin Id: 407927678717645482

Title: CRAS Tattoo Project by Stephan Doitschinoff
Description: madona
Link: http://hopegallery.wordpress.com/2012/11/28/cras/

[ 68 ] Pin Id: 407927678717645483

Description: escultura: CLARIDADE
Link: http://sphotos-a.ak.fbcdn.net/hphotos-ak-ash4/c0.0.403.403/p403x403/422603_403988326322922_314102686_n.jpg

[ 69 ] Pin Id: 407927678717645485

Title: Artist Calma
Description: mural
Link: http://www.casestudyo.com/2012/08/calma/

[ 70 ] Pin Id: 407927678717645486

Title: Artist Calma
Description: capela
Link: http://www.casestudyo.com/2012/08/calma/

[ 71 ] Pin Id: 407927678717645488

Description: claridade
Link: http://sphotos-c.ak.fbcdn.net/hphotos-ak-ash4/p206x206/318433_403988226322932_907183509_n.jpg

[ 72 ] Pin Id: 407927678717399172

Title: C A L M A
Description: stephan doitschinoff | Tumblr
Link: http://lunkie.tumblr.com/post/6249460065

[ 73 ] Pin Id: 407927678717397084

Title: Page not found - ENCHUFADA
Description: Stephan Doitschinoff
Link: http://www.enchufada.com/2011/09/14/buraka-reveals-new-album-komba/

[ 74 ] Pin Id: 407927678717396960

Title: Stephan Doitschinoff - Jonathan Levine Projects
Description: by Stephan Doitschinoff
Link: http://www.jonathanlevinegallery.com/?method=Exhibit.ExhibitArt&ExhibitID=9B127075-19DB-5802-E006FE3771379827&ArtistID=66AEF3A2-19DB-5802-E0EE0F8A07C16C2D&artidx=15&artistidx=1

[ 75 ] Pin Id: 407927678717397085

Title: Stephan Doitschinoff / Calma
Description: Stephan Doitschinoff
Link: http://www.booooooom.com/2010/01/06/stephan-doitschinoff-calma/

[ 76 ] Pin Id: 407927678717396791

Title: Default Web Site Page
Description: Stephan Doitschinoff - O Homem Apropriado (Appropriated Man)
Link: http://www.jonathanlevinegallery.com/?method=Exhibit.ExhibitArt&ExhibitID=9B127075-19DB-5802-E006FE3771379827&ArtistID=66AEF3A2-19DB-5802-E0EE0F8A07C16C2D&artidx=1&artistidx=1#.UCB_06I1qEA.pinterest

[ 77 ] Pin Id: 407927678738001559

Title: Stephan Doitschinoff aka CalmaNovo Mundo - Jonathan Levine Projects
Description: OPENING NIGHT @ Jonathan LeVine Gallery in Chelsea: Fans received their own personal Calma doodles!
Link: http://www.jonathanlevinegallery.com/?method=Exhibit.OpeningPhotoDetail&ExhibitID=9B127075-19DB-5802-E006FE3771379827&idx=2

[ 78 ] Pin Id: 407927678738001584

Title: Default Web Site Page
Description: Stephan Doitschinoff "A Saga do Negatvio" (DETAIL)
Link: http://www.jonathanlevinegallery.com/?method=Exhibit.ExhibitArt&ExhibitID=9B127075-19DB-5802-E006FE3771379827&ArtistID=66AEF3A2-19DB-5802-E0EE0F8A07C16C2D&artidx=20&artistidx=1

