Pinterest Downloader: Version 1.9

Input URL: https://www.pinterest.com/fredguth/athos-bulcão/
Folder URL: https://www.pinterest.com/fredguth/athos-bulcão/

[ 1 ] Pin Id: 407927678718968105

Description: athos bulcao - Google Search
Link: https://www.google.com.br/search?q=athos+bulcao&newwindow=1&client=firefox-a&hs=sR1&rls=org.mozilla:en-US:official&channel=fflb&source=lnms&tbm=isch&sa=X&ei=e8QzUui_E4ms9ASqmIDoAQ&ved=0CAkQ_AUoAQ&biw=1909&bih=972&dpr=1

[ 2 ] Pin Id: 407927678718968111

Description: athos bulcao - Google Search
Link: https://www.google.com.br/search?q=athos+bulcao&newwindow=1&client=firefox-a&hs=sR1&rls=org.mozilla:en-US:official&channel=fflb&source=lnms&tbm=isch&sa=X&ei=e8QzUui_E4ms9ASqmIDoAQ&ved=0CAkQ_AUoAQ&biw=1909&bih=972&dpr=1

[ 3 ] Pin Id: 407927678718968118

Description: athos bulcao - Google Search
Link: https://www.google.com.br/search?q=athos+bulcao&newwindow=1&client=firefox-a&hs=sR1&rls=org.mozilla:en-US:official&channel=fflb&source=lnms&tbm=isch&sa=X&ei=e8QzUui_E4ms9ASqmIDoAQ&ved=0CAkQ_AUoAQ&biw=1909&bih=972&dpr=1

[ 4 ] Pin Id: 407927678718968126

Description: athos bulcao - Google Search
Link: https://www.google.com.br/search?q=athos+bulcao&newwindow=1&client=firefox-a&hs=sR1&rls=org.mozilla:en-US:official&channel=fflb&source=lnms&tbm=isch&sa=X&ei=e8QzUui_E4ms9ASqmIDoAQ&ved=0CAkQ_AUoAQ&biw=1909&bih=972&dpr=1

[ 5 ] Pin Id: 407927678718968129

Description: athos bulcao - Google Search
Link: https://www.google.com.br/search?q=athos+bulcao&newwindow=1&client=firefox-a&hs=sR1&rls=org.mozilla:en-US:official&channel=fflb&source=lnms&tbm=isch&sa=X&ei=e8QzUui_E4ms9ASqmIDoAQ&ved=0CAkQ_AUoAQ&biw=1909&bih=972&dpr=1

[ 6 ] Pin Id: 407927678718968138

Description: Athos Bulcão
Link: http://www.google.it/imgres?q=Athos+Bulc%C3%A3o&um=1&hl=it&sa=N&rls=com.microsoft:it:IE-SearchBox&biw=1229&bih=607&tbm=isch&tbnid=OW5tdOtdqGMWJM:&imgrefurl=http://frammentidibrasile.blogspot.com/2012/02/athos-bulcao-e-i-suoi-affreschi-moderni.html&docid=lnutmE1O4DiXlM&imgurl=http://1.bp.blogspot.com/-6Kq5kIY-B9s/TzKBsvbCkEI/AAAAAAAAACA/z6Q5W1QxCFw/s1600/bras1.jpg&w=800&h=600&ei=k626T669EMjQ4QTprOnaDA&zoom=1

[ 7 ] Pin Id: 407927678718968141

Description: Athos Bulcão
Link: http://www.fundathos.org.br/images/galerias/92/thumbnails/Jardim%20de%20Inf_ncia%20SQS%20316%20Bras_lia%20Painel%20Azulejos%20Arq%20Salviano%20Borges%20(Foto%20Edgard%20Cesar)_230x2000.jpg

[ 8 ] Pin Id: 407927678718968143

Title: Fundação Athos Bulcão
Description: Fundathos - Fundação Athos Bulcão
Link: http://fundathos.org.br/artigos

[ 9 ] Pin Id: 407927678718968147

Title: Fundação Athos Bulcão
Description: Fundathos - Fundação Athos Bulcão
Link: http://www.fundathos.org.br/noticia/227

[ 10 ] Pin Id: 407927678718968150

Title: Athos Bulcão
Description: Athos Bulcão
Link: http://vivendodearte.wordpress.com/2011/07/14/athos-bulcao/

[ 11 ] Pin Id: 407927678718968156

Title: Athos Bulcão está na Moda!
Description: Interesting pattern for the wall using tiles | Athos Bulcão
Link: http://referans.wordpress.com/2011/02/10/athos-bulcao-esta-na-moda/athos_referans14/

[ 12 ] Pin Id: 407927678718968158

Title: Ronaldo Fraga e Athos Bulcão |  a pattern a day
Description: Athos Bulcão
Link: http://www.anamappe.com.br/blog/2011/02/01/ronaldo-e-athos-bulcao/

[ 13 ] Pin Id: 407927678718968165

Title: Galeria Virtual
Description: Oscar Niemeyer | brasil | patterntiles
Link: http://fundathos.org.br/abreGaleria.php?idgal=46

[ 14 ] Pin Id: 407927678718968168

Title: Arquivos Athos Bulcão - Assim Eu Gosto!
Description: Athos Bulcão - adoro!
Link: http://assimeugosto.com/tag/athos-bulcao/

[ 15 ] Pin Id: 407927678718968171

Title: Fundação Athos Bulcão
Description: Fundathos - Fundação Athos Bulcão
Link: http://fundathos.org.br/galeriavirtual

[ 16 ] Pin Id: 407927678718968173

Description: Athos Bulcão #2 #esse é incrível
Link: http://farm2.static.flickr.com/1248/5100373631_908cf2b183.jpg

[ 17 ] Pin Id: 407927678718968180

Title: MODERN DESIGN INTERIOR
Description: Athos Bulcão Mural at the Brasilia Palace Hotel 1958. Image Credit Cesar Filho.
Link: http://www.moderndesigninterior.com/search/label/design%20from%20brazil

[ 18 ] Pin Id: 407927678718968183

Title: Fundação Athos Bulcão
Description: Fundathos - Fundação Athos Bulcão
Link: http://www.fundathos.org.br/galeriavirtual

[ 19 ] Pin Id: 407927678718968205

Title: Ronaldo Fraga e Athos Bulcão |  a pattern a day
Description: Ronaldo Fraga e Athos Bulcão - Handmade tiles can be colour coordinated and customized re. shape, texture, pattern, etc. by ceramic design studios
Link: http://www.anamappe.com.br/blog/2011/02/01/ronaldo-e-athos-bulcao/

[ 20 ] Pin Id: 407927678718968209

Title: Galeria Virtual
Description: Athos Bulcão | Painel de azulejos, Centro de Formação e Aperfeiçoamento da Câmara dos Deputados - CEFOR, 2003. Brasília – DF, Brasil. Arquiteto: Élcio Gomes da Silva. Foto: Edgar César Filho.
Link: http://www.fundathos.org.br/abreGaleria.php?idgal=58

[ 21 ] Pin Id: 407927678718968212

Description: Athos Bulcão by ArterixBlog, via Flickr - Handmade tiles can be colour coordinated and customized re. shape, texture, pattern, etc. by ceramic design studios
Link: http://arterix.com/pt/2012/04/athos-bulcao/

[ 22 ] Pin Id: 407927678718968218

Description: móvel multiuso com azulejos originais de Athos Bulcão, dimensões: Altura - 68 cm  Largura - 142 ou 188 ou 234 cm  Profundidade - 52 cm

[ 23 ] Pin Id: 407927678721654020

Title: Galeria Virtual
Description: Athos Bulcao. Painel de azulejos, Cobertura do Anexo II, Palácio do Itamaraty, 1983 Brasília – DF, Brasil. Foto Edgar César Filho.
Link: http://fundathos.org.br/abreGaleria.php?idgal=124

[ 24 ] Pin Id: 407927678721654024

Title: Galeria Virtual
Description: Athos Bulcao. Painel de azulejos, Batistério, Catedral Metropolitana de Brasília, 1970. Brasília – DF, Foto Edgar César Filho
Link: http://fundathos.org.br/abreGaleria.php?idgal=54

[ 25 ] Pin Id: 407927678725075125

Title: Galeria Virtual
Description: Athos Bulcão | Painel de azulejos, Centro de Formação e Aperfeiçoamento da Câmara dos Deputados - CEFOR, 2003. Brasília – DF, Brasil. Arquiteto: Élcio Gomes da Silva. Foto: Edgar César Filho.
Link: http://www.fundathos.org.br/abreGaleria.php?idgal=58

[ 26 ] Pin Id: 407927678737340674

Title: Athos Bulcão
Description: Athos Bulcao. Painel de azulejos, Instituto de Artes da Universidade de Brasília, 1998 Brasília – DF, Brasil. Foto Tuca Reinés.
Link: http://estoriasdesign.blogspot.com/2011/05/athos-bulcao.html

[ 27 ] Pin Id: 407927678737654603

Title: Geometria modernista
Description: Athos Bulcão - Galeria Nara Roesler - ArtRio 2014 - foto Rafael Adorján (5)
Link: http://www.radardesign.com.br/geometria/

[ 28 ] Pin Id: 407927678741543326

Title: Athos Bulcão
Description: Estórias de Design: Athos Bulcão
Link: http://estoriasdesign.blogspot.com.br/2011/05/athos-bulcao.html

[ 29 ] Pin Id: 407927678741555390

Title: Athos Bulcão
Description: Estórias de Design: Athos Bulcão
Link: http://estoriasdesign.blogspot.com.br/2011/05/athos-bulcao.html

[ 30 ] Pin Id: 407927678741555396

Title: Galeria Virtual
Description: Parque da Cidade, Brasília, 1985 ❥"Hobby&Decor " | instagram.com/hobbydecor | decor | interiordesign | arquitetura | art | #home
Link: http://fundathos.org.br/abreGaleria.php?idgal=120

[ 31 ] Pin Id: 407927678741555399

Title: Athos Bulcão
Description: Estórias de Design: Athos Bulcão
Link: http://estoriasdesign.blogspot.com.br/2011/05/athos-bulcao.html

[ 32 ] Pin Id: 407927678741555404

Title: weekend links
Description: null
Link: http://oliverands.com/community/blog/2016/02/weekend-links-17.html

[ 33 ] Pin Id: 407927678741555408

Description: Does anybody know if this one is Niemeyer's?
Link: http://media-cache-ec0.pinimg.com/236x/2b/62/d4/2b62d47ae91968856e7d4f003c6d6854.jpg

[ 34 ] Pin Id: 407927678741555538

Title: Galeria Virtual
Description: Athos Bulcão - Painel de azulejos, Caixa Econômica Federal de Natal, 1976. Foto: Edgar César Filho - Handmade tiles can be colour coordinated and customized re. shape, texture, pattern, etc. by ceramic design studios
Link: http://www.fundathos.org.br/abreGaleria.php?idgal=131

[ 35 ] Pin Id: 407927678741557600

Title: Galeria Virtual
Description: Oscar Niemeyer | brasil | patterntiles
Link: http://fundathos.org.br/abreGaleria.php?idgal=65

[ 36 ] Pin Id: 407927678741939936

Title: Athos Bulcão
Description: athos bulcão - interlegis brasilia df
Link: http://estoriasdesign.blogspot.com.br/2011/05/athos-bulcao.html

[ 37 ] Pin Id: 407927678741940017

Description: Palácio Itamaraty
Link: http://1.bp.blogspot.com/-tbUm1tnf__o/TcCg6qL9ejI/AAAAAAAACbg/04YRSJwyTDE/s1600/Anexo+II+Pal_cio+Itamaraty+Cobertura+Painel+de+Azulejos+Arq+Oscar+Niemeyer+1983+%2528Foto+Edgard+Ces4.jpg

[ 38 ] Pin Id: 407927678741940037

Title: Instituto Rio Branco. Painel Athos Bulcão.
Description: Instituto Rio Branco. Painel Athos Bulcão. by MREBRASIL, via Flickr
Link: http://www.flickr.com/photos/mrebrasil/5793984446/

[ 39 ] Pin Id: 407927678741940055

Title: TEXT-MODE
Description: Athos Bulcão (1918-2008)
Link: http://text-mode.tumblr.com/post/30271957904/athos-bulcao-1918-2008

[ 40 ] Pin Id: 407927678744722930

Description: Obra do catálogo de Athos Bulcão

[ 41 ] Pin Id: 407927678744722931

Description: Obra do catálogo de Athos Bulcão

[ 42 ] Pin Id: 407927678744722932

Description: Obra do catálogo de Athos Bulcão

[ 43 ] Pin Id: 407927678744722933

Description: Obra do catálogo de Athos Bulcão

[ 44 ] Pin Id: 407927678744722934

Description: Obra do catálogo de Athos Bulcão

[ 45 ] Pin Id: 407927678744722935

Description: Obra do catálogo de Athos Bulcão

[ 46 ] Pin Id: 407927678744722936

Description: catalogo_athos-008

[ 47 ] Pin Id: 407927678744722937

Description: Obra do catálogo de Athos Bulcão

[ 48 ] Pin Id: 407927678744722938

Description: Obra do catálogo de Athos Bulcão

[ 49 ] Pin Id: 407927678744722939

Description: Obra do catálogo de Athos Bulcão

[ 50 ] Pin Id: 407927678744722940

Description: Obra do catálogo de Athos Bulcão

[ 51 ] Pin Id: 407927678744722941

Description: Obra do catálogo de Athos Bulcão

[ 52 ] Pin Id: 407927678744722942

Description: Obra do catálogo de Athos Bulcão

[ 53 ] Pin Id: 407927678744722943

Description: Obra do catálogo de Athos Bulcão

[ 54 ] Pin Id: 407927678744722944

Description: Obra do catálogo de Athos Bulcão

[ 55 ] Pin Id: 407927678744722945

Description: Obra do catálogo de Athos Bulcão

[ 56 ] Pin Id: 407927678744722946

Description: Obra do catálogo de Athos Bulcão

[ 57 ] Pin Id: 407927678744722947

Description: Obra do catálogo de Athos Bulcão

[ 58 ] Pin Id: 407927678744722948

Description: Obra do catálogo de Athos Bulcão

[ 59 ] Pin Id: 407927678744722949

Description: Obra do catálogo de Athos Bulcão

[ 60 ] Pin Id: 407927678744722951

Description: Obra do catálogo de Athos Bulcão

[ 61 ] Pin Id: 407927678744722952

Description: Obra do catálogo de Athos Bulcão

[ 62 ] Pin Id: 407927678744722953

Description: Obra do catálogo de Athos Bulcão

[ 63 ] Pin Id: 407927678744722954

Description: Obra do catálogo de Athos Bulcão

[ 64 ] Pin Id: 407927678744722955

Description: Obra do catálogo de Athos Bulcão

[ 65 ] Pin Id: 407927678744722956

Description: Obra do catálogo de Athos Bulcão

[ 66 ] Pin Id: 407927678744722957

Description: Obra do catálogo de Athos Bulcão

[ 67 ] Pin Id: 407927678744722958

Description: Obra do catálogo de Athos Bulcão

[ 68 ] Pin Id: 407927678744722959

Description: Obra do catálogo de Athos Bulcão

[ 69 ] Pin Id: 407927678744722960

Description: Obra do catálogo de Athos Bulcão

[ 70 ] Pin Id: 407927678744722961

Description: Obra do catálogo de Athos Bulcão

[ 71 ] Pin Id: 407927678744722962

Description: Obra do catálogo de Athos Bulcão

[ 72 ] Pin Id: 407927678744722963

Description: Obra do catálogo de Athos Bulcão

[ 73 ] Pin Id: 407927678744722964

Description: Obra do catálogo de Athos Bulcão

[ 74 ] Pin Id: 407927678744722965

Description: Obra do catálogo de Athos Bulcão

[ 75 ] Pin Id: 407927678744722966

Description: Obra do catálogo de Athos Bulcão

[ 76 ] Pin Id: 407927678744722967

Description: Obra do catálogo de Athos Bulcão

[ 77 ] Pin Id: 407927678744722968

Description: Obra do catálogo de Athos Bulcão

[ 78 ] Pin Id: 407927678744722969

Description: Obra do catálogo de Athos Bulcão

[ 79 ] Pin Id: 407927678744722970

Description: Obra do catálogo de Athos Bulcão

[ 80 ] Pin Id: 407927678744722971

Description: Obra do catálogo de Athos Bulcão

[ 81 ] Pin Id: 407927678744722972

Description: Obra do catálogo de Athos Bulcão

[ 82 ] Pin Id: 407927678744722973

Description: Obra do catálogo de Athos Bulcão

[ 83 ] Pin Id: 407927678744722974

Description: Obra do catálogo de Athos Bulcão

[ 84 ] Pin Id: 407927678744722975

Description: Obra do catálogo de Athos Bulcão

[ 85 ] Pin Id: 407927678744722976

Description: Obra do catálogo de Athos Bulcão

[ 86 ] Pin Id: 407927678744722977

Description: Obra do catálogo de Athos Bulcão

[ 87 ] Pin Id: 407927678744722978

Description: Obra do catálogo de Athos Bulcão

[ 88 ] Pin Id: 407927678744722979

Description: Obra do catálogo de Athos Bulcão

[ 89 ] Pin Id: 407927678744722980

Description: Obra do catálogo de Athos Bulcão

[ 90 ] Pin Id: 407927678744722981

Description: Obra do catálogo de Athos Bulcão

[ 91 ] Pin Id: 407927678744722982

Description: Obra do catálogo de Athos Bulcão

[ 92 ] Pin Id: 407927678744722983

Description: Obra do catálogo de Athos Bulcão

[ 93 ] Pin Id: 407927678744722984

Description: Obra do catálogo de Athos Bulcão

[ 94 ] Pin Id: 407927678744722985

Description: Obra do catálogo de Athos Bulcão

[ 95 ] Pin Id: 407927678744722986

Description: Obra do catálogo de Athos Bulcão

[ 96 ] Pin Id: 407927678744722987

Description: Obra do catálogo de Athos Bulcão

[ 97 ] Pin Id: 407927678744722988

Description: Obra do catálogo de Athos Bulcão

[ 98 ] Pin Id: 407927678744722989

Description: Obra do catálogo de Athos Bulcão

[ 99 ] Pin Id: 407927678744722990

Description: catalogo_athos-059

[ 100 ] Pin Id: 407927678744722991

Description: catalogo_athos-060

[ 101 ] Pin Id: 407927678744722992

Description: catalogo_athos-061

[ 102 ] Pin Id: 407927678744722993

Description: Obra do catálogo de Athos Bulcão

[ 103 ] Pin Id: 407927678744722994

Description: Obra do catálogo de Athos Bulcão

[ 104 ] Pin Id: 407927678744722995

Description: Obra do catálogo de Athos Bulcão

[ 105 ] Pin Id: 407927678744722996

Description: Obra do catálogo de Athos Bulcão

[ 106 ] Pin Id: 407927678744722997

Description: Obra do catálogo de Athos Bulcão

[ 107 ] Pin Id: 407927678744722998

Description: Obra do catálogo de Athos Bulcão

[ 108 ] Pin Id: 407927678744722999

Description: Obra do catálogo de Athos Bulcão

[ 109 ] Pin Id: 407927678744723000

Description: Obra do catálogo de Athos Bulcão

[ 110 ] Pin Id: 407927678744723001

Description: Obra do catálogo de Athos Bulcão

[ 111 ] Pin Id: 407927678744723002

Description: Obra do catálogo de Athos Bulcão

[ 112 ] Pin Id: 407927678744723003

Description: Obra do catálogo de Athos Bulcão

[ 113 ] Pin Id: 407927678744723004

Description: Obra do catálogo de Athos Bulcão

[ 114 ] Pin Id: 407927678744723005

Description: Obra do catálogo de Athos Bulcão

[ 115 ] Pin Id: 407927678744723006

Description: Obra do catálogo de Athos Bulcão

[ 116 ] Pin Id: 407927678744723007

Description: Obra do catálogo de Athos Bulcão

[ 117 ] Pin Id: 407927678744723008

Description: Obra do catálogo de Athos Bulcão

[ 118 ] Pin Id: 407927678744723009

Description: Obra do catálogo de Athos Bulcão

[ 119 ] Pin Id: 407927678744723010

Description: Obra do catálogo de Athos Bulcão

[ 120 ] Pin Id: 407927678744723011

Description: Obra do catálogo de Athos Bulcão

[ 121 ] Pin Id: 407927678744723012

Description: Obra do catálogo de Athos Bulcão

[ 122 ] Pin Id: 407927678744723013

Description: Obra do catálogo de Athos Bulcão

[ 123 ] Pin Id: 407927678744723014

Description: Obra do catálogo de Athos Bulcão

[ 124 ] Pin Id: 407927678744723015

Description: Obra do catálogo de Athos Bulcão

[ 125 ] Pin Id: 407927678744723016

Description: Obra do catálogo de Athos Bulcão

[ 126 ] Pin Id: 407927678744723017

Description: Obra do catálogo de Athos Bulcão

[ 127 ] Pin Id: 407927678744723018

Description: Obra do catálogo de Athos Bulcão

[ 128 ] Pin Id: 407927678744723019

Description: Obra do catálogo de Athos Bulcão

[ 129 ] Pin Id: 407927678744723020

Description: Obra do catálogo de Athos Bulcão

[ 130 ] Pin Id: 407927678744723021

Description: Obra do catálogo de Athos Bulcão

[ 131 ] Pin Id: 407927678744723022

Description: Obra do catálogo de Athos Bulcão

[ 132 ] Pin Id: 407927678744723023

Description: Obra do catálogo de Athos Bulcão

[ 133 ] Pin Id: 407927678744723024

Description: Obra do catálogo de Athos Bulcão

[ 134 ] Pin Id: 407927678744723025

Description: Obra do catálogo de Athos Bulcão

[ 135 ] Pin Id: 407927678744723026

Description: Obra do catálogo de Athos Bulcão

[ 136 ] Pin Id: 407927678744723027

Description: Obra do catálogo de Athos Bulcão

[ 137 ] Pin Id: 407927678744723028

Description: Obra do catálogo de Athos Bulcão

[ 138 ] Pin Id: 407927678744723029

Description: Obra do catálogo de Athos Bulcão

[ 139 ] Pin Id: 407927678744723030

Description: Obra do catálogo de Athos Bulcão

[ 140 ] Pin Id: 407927678744723031

Description: Obra do catálogo de Athos Bulcão

[ 141 ] Pin Id: 407927678744723032

Description: Obra do catálogo de Athos Bulcão

[ 142 ] Pin Id: 407927678744723033

Description: Obra do catálogo de Athos Bulcão

[ 143 ] Pin Id: 407927678744723034

Description: Obra do catálogo de Athos Bulcão

[ 144 ] Pin Id: 407927678744723035

Description: Obra do catálogo de Athos Bulcão

[ 145 ] Pin Id: 407927678744723036

Description: Obra do catálogo de Athos Bulcão

[ 146 ] Pin Id: 407927678744723037

Description: Obra do catálogo de Athos Bulcão

[ 147 ] Pin Id: 407927678744723038

Description: Obra do catálogo de Athos Bulcão

[ 148 ] Pin Id: 407927678744723039

Description: Obra do catálogo de Athos Bulcão

[ 149 ] Pin Id: 407927678744723040

Description: Obra do catálogo de Athos Bulcão

[ 150 ] Pin Id: 407927678744723042

Description: Obra do catálogo de Athos Bulcão

[ 151 ] Pin Id: 407927678744723043

Description: Obra do catálogo de Athos Bulcão

[ 152 ] Pin Id: 407927678744723044

Description: Obra do catálogo de Athos Bulcão

[ 153 ] Pin Id: 407927678744723045

Description: Obra do catálogo de Athos Bulcão

[ 154 ] Pin Id: 407927678744723046

Description: Obra do catálogo de Athos Bulcão

[ 155 ] Pin Id: 407927678744723047

Description: Obra do catálogo de Athos Bulcão

[ 156 ] Pin Id: 407927678744723048

Description: Obra do catálogo de Athos Bulcão

[ 157 ] Pin Id: 407927678744723049

Description: Obra do catálogo de Athos Bulcão

[ 158 ] Pin Id: 407927678744723050

Description: Obra do catálogo de Athos Bulcão

[ 159 ] Pin Id: 407927678744723051

Description: Obra do catálogo de Athos Bulcão

[ 160 ] Pin Id: 407927678744723052

Description: Obra do catálogo de Athos Bulcão

[ 161 ] Pin Id: 407927678744723053

Description: Obra do catálogo de Athos Bulcão

[ 162 ] Pin Id: 407927678744723054

Description: Obra do catálogo de Athos Bulcão

[ 163 ] Pin Id: 407927678744723055

Description: Obra do catálogo de Athos Bulcão

[ 164 ] Pin Id: 407927678744723056

Description: Obra do catálogo de Athos Bulcão

[ 165 ] Pin Id: 407927678744723057

Description: Obra do catálogo de Athos Bulcão

[ 166 ] Pin Id: 407927678744723058

Description: Obra do catálogo de Athos Bulcão

[ 167 ] Pin Id: 407927678744723059

Description: Obra do catálogo de Athos Bulcão

[ 168 ] Pin Id: 407927678744723060

Description: Obra do catálogo de Athos Bulcão

[ 169 ] Pin Id: 407927678744723061

Description: Obra do catálogo de Athos Bulcão

[ 170 ] Pin Id: 407927678744723062

Description: Obra do catálogo de Athos Bulcão

[ 171 ] Pin Id: 407927678744723063

Description: Obra do catálogo de Athos Bulcão

[ 172 ] Pin Id: 407927678744723064

Description: Obra do catálogo de Athos Bulcão

[ 173 ] Pin Id: 407927678744723065

Description: Obra do catálogo de Athos Bulcão

[ 174 ] Pin Id: 407927678744723066

Description: Obra do catálogo de Athos Bulcão

[ 175 ] Pin Id: 407927678744723067

Description: Obra do catálogo de Athos Bulcão

[ 176 ] Pin Id: 407927678744723068

Description: Obra do catálogo de Athos Bulcão

[ 177 ] Pin Id: 407927678744723069

Description: Obra do catálogo de Athos Bulcão

[ 178 ] Pin Id: 407927678744723070

Description: Obra do catálogo de Athos Bulcão

[ 179 ] Pin Id: 407927678744723071

Description: Obra do catálogo de Athos Bulcão

[ 180 ] Pin Id: 407927678744723072

Description: Obra do catálogo de Athos Bulcão

[ 181 ] Pin Id: 407927678744723073

Description: Obra do catálogo de Athos Bulcão

[ 182 ] Pin Id: 407927678744723074

Description: Obra do catálogo de Athos Bulcão

[ 183 ] Pin Id: 407927678744723075

Description: Obra do catálogo de Athos Bulcão

[ 184 ] Pin Id: 407927678744723076

Description: Obra do catálogo de Athos Bulcão

[ 185 ] Pin Id: 407927678744723077

Description: Obra do catálogo de Athos Bulcão

[ 186 ] Pin Id: 407927678744723078

Description: Obra do catálogo de Athos Bulcão

[ 187 ] Pin Id: 407927678744723079

Description: Obra do catálogo de Athos Bulcão

[ 188 ] Pin Id: 407927678744723080

Description: Obra do catálogo de Athos Bulcão

[ 189 ] Pin Id: 407927678744723081

Description: Obra do catálogo de Athos Bulcão

[ 190 ] Pin Id: 407927678744723082

Description: Obra do catálogo de Athos Bulcão

[ 191 ] Pin Id: 407927678744723083

Description: Obra do catálogo de Athos Bulcão

[ 192 ] Pin Id: 407927678744723084

Description: Obra do catálogo de Athos Bulcão

[ 193 ] Pin Id: 407927678744723085

Description: Obra do catálogo de Athos Bulcão

[ 194 ] Pin Id: 407927678744723086

Description: Obra do catálogo de Athos Bulcão

[ 195 ] Pin Id: 407927678744723087

Description: Obra do catálogo de Athos Bulcão

[ 196 ] Pin Id: 407927678744723088

Description: Obra do catálogo de Athos Bulcão

[ 197 ] Pin Id: 407927678744723089

Description: Obra do catálogo de Athos Bulcão

[ 198 ] Pin Id: 407927678744723090

Description: Obra do catálogo de Athos Bulcão

[ 199 ] Pin Id: 407927678744723091

Description: Obra do catálogo de Athos Bulcão

[ 200 ] Pin Id: 407927678744723092

Description: Obra do catálogo de Athos Bulcão

[ 201 ] Pin Id: 407927678744723093

Description: Obra do catálogo de Athos Bulcão

[ 202 ] Pin Id: 407927678744723094

Description: Obra do catálogo de Athos Bulcão

[ 203 ] Pin Id: 407927678744723096

Description: Obra do catálogo de Athos Bulcão

[ 204 ] Pin Id: 407927678744723095

Description: Obra do catálogo de Athos Bulcão

[ 205 ] Pin Id: 407927678744723097

Description: Obra do catálogo de Athos Bulcão

[ 206 ] Pin Id: 407927678744723098

Description: Obra do catálogo de Athos Bulcão

[ 207 ] Pin Id: 407927678744723099

Description: Obra do catálogo de Athos Bulcão

[ 208 ] Pin Id: 407927678744723100

Description: Obra do catálogo de Athos Bulcão

[ 209 ] Pin Id: 407927678744723101

Description: Obra do catálogo de Athos Bulcão

[ 210 ] Pin Id: 407927678744723102

Description: Obra do catálogo de Athos Bulcão

[ 211 ] Pin Id: 407927678744723103

Description: Obra do catálogo de Athos Bulcão

[ 212 ] Pin Id: 407927678744723104

Description: Obra do catálogo de Athos Bulcão

[ 213 ] Pin Id: 407927678744723105

Description: Obra do catálogo de Athos Bulcão

[ 214 ] Pin Id: 407927678744723106

Description: Obra do catálogo de Athos Bulcão

[ 215 ] Pin Id: 407927678744723107

Description: Obra do catálogo de Athos Bulcão

[ 216 ] Pin Id: 407927678744723108

Description: Obra do catálogo de Athos Bulcão

[ 217 ] Pin Id: 407927678744723109

Description: Obra do catálogo de Athos Bulcão

[ 218 ] Pin Id: 407927678744723110

Description: Obra do catálogo de Athos Bulcão

[ 219 ] Pin Id: 407927678744723111

Description: Obra do catálogo de Athos Bulcão

[ 220 ] Pin Id: 407927678744723112

Description: Obra do catálogo de Athos Bulcão

[ 221 ] Pin Id: 407927678744723113

Description: Obra do catálogo de Athos Bulcão

[ 222 ] Pin Id: 407927678744723114

Description: Obra do catálogo de Athos Bulcão

[ 223 ] Pin Id: 407927678744723115

Description: Obra do catálogo de Athos Bulcão

[ 224 ] Pin Id: 407927678744723116

Description: Obra do catálogo de Athos Bulcão

[ 225 ] Pin Id: 407927678744723117

Description: Obra do catálogo de Athos Bulcão

[ 226 ] Pin Id: 407927678744723118

Description: Obra do catálogo de Athos Bulcão

[ 227 ] Pin Id: 407927678744723119

Description: Obra do catálogo de Athos Bulcão

[ 228 ] Pin Id: 407927678744723120

Description: Obra do catálogo de Athos Bulcão

[ 229 ] Pin Id: 407927678744723121

Description: Obra do catálogo de Athos Bulcão

[ 230 ] Pin Id: 407927678744723122

Description: Obra do catálogo de Athos Bulcão

[ 231 ] Pin Id: 407927678744723123

Description: Obra do catálogo de Athos Bulcão

[ 232 ] Pin Id: 407927678744723124

Description: Obra do catálogo de Athos Bulcão

[ 233 ] Pin Id: 407927678744723125

Description: Obra do catálogo de Athos Bulcão

[ 234 ] Pin Id: 407927678744723126

Description: Obra do catálogo de Athos Bulcão

[ 235 ] Pin Id: 407927678744723127

Description: Obra do catálogo de Athos Bulcão

[ 236 ] Pin Id: 407927678744723128

Description: Obra do catálogo de Athos Bulcão

[ 237 ] Pin Id: 407927678744723129

Description: Obra do catálogo de Athos Bulcão

[ 238 ] Pin Id: 407927678744723130

Description: Obra do catálogo de Athos Bulcão

[ 239 ] Pin Id: 407927678744723133

Description: Obra do catálogo de Athos Bulcão

[ 240 ] Pin Id: 407927678744723132

Description: Obra do catálogo de Athos Bulcão

[ 241 ] Pin Id: 407927678744723134

Description: Obra do catálogo de Athos Bulcão

[ 242 ] Pin Id: 407927678744723135

Description: Obra do catálogo de Athos Bulcão

[ 243 ] Pin Id: 407927678744723136

Description: Obra do catálogo de Athos Bulcão

[ 244 ] Pin Id: 407927678744723137

Description: Obra do catálogo de Athos Bulcão

[ 245 ] Pin Id: 407927678744723138

Description: Obra do catálogo de Athos Bulcão

[ 246 ] Pin Id: 407927678744723139

Description: Obra do catálogo de Athos Bulcão

[ 247 ] Pin Id: 407927678744723140

Description: Obra do catálogo de Athos Bulcão

[ 248 ] Pin Id: 407927678744723141

Description: Obra do catálogo de Athos Bulcão

[ 249 ] Pin Id: 407927678744723142

Description: Obra do catálogo de Athos Bulcão

[ 250 ] Pin Id: 407927678744723143

Description: Obra do catálogo de Athos Bulcão

[ 251 ] Pin Id: 407927678744723144

Description: Obra do catálogo de Athos Bulcão

[ 252 ] Pin Id: 407927678744723145

Description: Obra do catálogo de Athos Bulcão

[ 253 ] Pin Id: 407927678744723146

Description: Obra do catálogo de Athos Bulcão

[ 254 ] Pin Id: 407927678744723147

Description: Obra do catálogo de Athos Bulcão

[ 255 ] Pin Id: 407927678744723148

Description: Obra do catálogo de Athos Bulcão

[ 256 ] Pin Id: 407927678744723149

Description: Obra do catálogo de Athos Bulcão

[ 257 ] Pin Id: 407927678744723150

Description: Obra do catálogo de Athos Bulcão

[ 258 ] Pin Id: 407927678744723151

Description: Obra do catálogo de Athos Bulcão

[ 259 ] Pin Id: 407927678744723152

Description: Obra do catálogo de Athos Bulcão

[ 260 ] Pin Id: 407927678744723153

Description: Obra do catálogo de Athos Bulcão

[ 261 ] Pin Id: 407927678744723155

Description: Obra do catálogo de Athos Bulcão

[ 262 ] Pin Id: 407927678744723156

Description: Obra do catálogo de Athos Bulcão

[ 263 ] Pin Id: 407927678744723157

Description: Obra do catálogo de Athos Bulcão

[ 264 ] Pin Id: 407927678744723158

Description: Obra do catálogo de Athos Bulcão

[ 265 ] Pin Id: 407927678744723159

Description: Obra do catálogo de Athos Bulcão

[ 266 ] Pin Id: 407927678744723160

Description: Obra do catálogo de Athos Bulcão

[ 267 ] Pin Id: 407927678744723161

Description: Obra do catálogo de Athos Bulcão

[ 268 ] Pin Id: 407927678744723162

Description: Obra do catálogo de Athos Bulcão

[ 269 ] Pin Id: 407927678744723163

Description: Obra do catálogo de Athos Bulcão

[ 270 ] Pin Id: 407927678744723164

Description: Obra do catálogo de Athos Bulcão

[ 271 ] Pin Id: 407927678744723165

Description: Obra do catálogo de Athos Bulcão

[ 272 ] Pin Id: 407927678744723166

Description: Obra do catálogo de Athos Bulcão

[ 273 ] Pin Id: 407927678744723167

Description: Obra do catálogo de Athos Bulcão

[ 274 ] Pin Id: 407927678744723169

Description: Obra do catálogo de Athos Bulcão

[ 275 ] Pin Id: 407927678744723170

Description: Obra do catálogo de Athos Bulcão

[ 276 ] Pin Id: 407927678744723171

Description: Obra do catálogo de Athos Bulcão

[ 277 ] Pin Id: 407927678744723172

Description: Obra do catálogo de Athos Bulcão

[ 278 ] Pin Id: 407927678744723173

Description: Obra do catálogo de Athos Bulcão

[ 279 ] Pin Id: 407927678744723174

Description: Obra do catálogo de Athos Bulcão

[ 280 ] Pin Id: 407927678744723175

Description: Obra do catálogo de Athos Bulcão

[ 281 ] Pin Id: 407927678744723176

Description: Obra do catálogo de Athos Bulcão

[ 282 ] Pin Id: 407927678744723177

Description: Obra do catálogo de Athos Bulcão

[ 283 ] Pin Id: 407927678744723178

Description: Obra do catálogo de Athos Bulcão

[ 284 ] Pin Id: 407927678744723179

Description: Obra do catálogo de Athos Bulcão

[ 285 ] Pin Id: 407927678744723180

Description: Obra do catálogo de Athos Bulcão

[ 286 ] Pin Id: 407927678744723181

Description: Obra do catálogo de Athos Bulcão

[ 287 ] Pin Id: 407927678744723182

Description: Obra do catálogo de Athos Bulcão

[ 288 ] Pin Id: 407927678744723183

Description: Obra do catálogo de Athos Bulcão

[ 289 ] Pin Id: 407927678744723184

Description: Obra do catálogo de Athos Bulcão

[ 290 ] Pin Id: 407927678744723185

Description: Obra do catálogo de Athos Bulcão

[ 291 ] Pin Id: 407927678744723186

Description: Obra do catálogo de Athos Bulcão

[ 292 ] Pin Id: 407927678744723187

Description: Obra do catálogo de Athos Bulcão

[ 293 ] Pin Id: 407927678744723188

Description: Obra do catálogo de Athos Bulcão

[ 294 ] Pin Id: 407927678744723189

Description: Obra do catálogo de Athos Bulcão

[ 295 ] Pin Id: 407927678744723190

Description: Obra do catálogo de Athos Bulcão

[ 296 ] Pin Id: 407927678744723191

Description: Obra do catálogo de Athos Bulcão

[ 297 ] Pin Id: 407927678744723192

Description: Obra do catálogo de Athos Bulcão

[ 298 ] Pin Id: 407927678744723193

Description: Obra do catálogo de Athos Bulcão

[ 299 ] Pin Id: 407927678744723194

Description: Obra do catálogo de Athos Bulcão

[ 300 ] Pin Id: 407927678744723195

Description: Obra do catálogo de Athos Bulcão

[ 301 ] Pin Id: 407927678744723196

Description: Obra do catálogo de Athos Bulcão

[ 302 ] Pin Id: 407927678744723197

Description: Obra do catálogo de Athos Bulcão

[ 303 ] Pin Id: 407927678744723198

Description: Obra do catálogo de Athos Bulcão

[ 304 ] Pin Id: 407927678744723200

Description: Obra do catálogo de Athos Bulcão

[ 305 ] Pin Id: 407927678744858410

Title: HugeDomains.com
Description: ATHOS BULCAO (Athos Bulcão), Itamaraty Palace (architect Oscar Niemeyer), ceramic tile wall, c.1968, Brasília, Brazil. / Nara Roesler
Link: http://scandinaviancollectors.com/post/152635052260/athos-bulcao-athos-bulc%C3%A3o-itamaraty-palace

[ 306 ] Pin Id: 407927678744894990

Description: athos bulcão / painel de azulejos, congresso nacional brasília df salão verde da câmara dos deputados (arquiteto: oscar niemeyer)
Link: https://www.google.com/search?tbm=isch&tbs=simg:CAQSiAEahQELEKjU2AQaAAwLELCMpwgaYApeCAMSKOEX1B7THo0V3h6MFdQL0wvcF9IL0ynbJ8YqyCriJ-kh8ifENdIp6iEaMJAj-iAzve1NWTLqnN9erDNumHDs5HYlS-qwmYF543vQwdSWf3anFPVbucPPEoY61gwLEI6u_1ggaCgoICAESBFvYsR4M,isz:l&sa=X&ved=0CB4Q2A4oBGoVChMIrvj7tfOMyAIVjxmSCh3NQQVv&biw=1455&bih=705#imgrc=u1cRij6k7V14JM:

[ 307 ] Pin Id: 407927678746773397

Title: Galeria Virtual
Description: Athos Bulcão - Painel azulejos, Residência Ivani Ribeiro, 1972
Link: http://www.fundathos.org.br/abreGaleria.php?idgal=71

[ 308 ] Pin Id: 407927678746773411

Title: Galeria Virtual
Description: Athos Bulcão
Link: http://www.fundathos.org.br/abreGaleria.php?idgal=148

[ 309 ] Pin Id: 407927678746773422

Title: Athos Bulcão (1918-2008) / serigrafias chanceladas
Description: Perlocutorio: Athos Bulcão (1918-2008) / serigrafias chanceladas
Link: http://perlocutorio.blogspot.com.br/2012/03/athos-bulcao-1918-2008-serigrafias.html

[ 310 ] Pin Id: 407927678746773885

Title: 404 Page Not Found
Description: Athosworking
Link: http://www.tilevera.com/tile_envy/?p=5982

[ 311 ] Pin Id: 407927678746773906

Title: athos bulcão
Description: athos bulcão  1918-2008   nascido no rio de janeiro em 1918. deixou o curso de medicina em 1939 para dedicar-se à pintura. trabalhou como a...
Link: http://docomomobsb.blogspot.co.uk/2008/07/athos-bulco.html

[ 312 ] Pin Id: 407927678746774077

Description: Athos Bulcao
Link: http://2.bp.blogspot.com/_3-VdTTtfgLo/SajB2uMZ9aI/AAAAAAAABDo/I5WkXq2B450/s400/edf-athos-bulcao-azulejo-pg-12.jpg

[ 313 ] Pin Id: 407927678746774079

Description: Athos Bulcão
Link: http://2.bp.blogspot.com/-vZvBh_qXI8s/UXfRmsB45-I/AAAAAAAAEUU/6R7TB_1qYmQ/s1600/athos+Bulc%C3%A3o-e-Lana.jpg

[ 314 ] Pin Id: 407927678746774082

Title: Galeria Virtual
Description: Arhos Bulcão - Painel de azulejos, Mercado das Flores, 1983. Foto: Edgar César Filho
Link: http://www.fundathos.org.br/abreGaleria.php?idgal=96

[ 315 ] Pin Id: 407927678746774084

Title: Galeria Virtual
Description: Athos Bulcão - Painel de azulejos, Instituto Rio Branco, 1998. Foto: Edgar César Filho - Handmade tiles can be colour coordinated and customized re. shape, texture, pattern, etc. by ceramic design studios
Link: http://www.fundathos.org.br/abreGaleria.php?idgal=89

[ 316 ] Pin Id: 407927678746774089

Title: Athos Bulcão
Description: Estórias de Design: Athos Bulcão
Link: http://estoriasdesign.blogspot.com.br/2011/05/athos-bulcao.html

[ 317 ] Pin Id: 407927678746774091

Title: Fundação Athos Bulcão
Description: Fundathos - Fundação Athos Bulcão
Link: http://www.fundathos.org.br/galeriavirtual

[ 318 ] Pin Id: 407927678746774093

Title: Seamless Black White Grid Pattern Stock Vector (Royalty Free) 310662185 | Shutterstock
Description: Seamless black and white grid pattern #BestDesignResources
Link: http://www.shutterstock.com/pic-310662185/stock-vector-seamless-black-and-white-grid-pattern.html?rid=2051861

[ 319 ] Pin Id: 407927678746774097

Title: Ceramic tiles by Athos Bulcão
Description: Capela de Nossa Senhora de Fátima, Brasília
Link: https://archporn.wordpress.com/2009/02/25/ceramic-tiles-by-athos-bulcao/amp/

[ 320 ] Pin Id: 407927678746774101

Title: Galeria Virtual
Description: Brazilian artist Athos Bulcão - Love this! Painel tile Aeroporto Juscelino Kubitschek International, 1993. . Photo: Edgar Cesar
Link: http://www.fundathos.org.br/abreGaleria.php?idgal=49

