Pinterest Downloader: Version 1.9

Input URL: https://www.pinterest.com/fredguth/burle-marx/
Folder URL: https://www.pinterest.com/fredguth/burle-marx/

[ 1 ] Pin Id: 407927678729861264

Description: Burle Marx - Banco Safra - Inspiração sempre

[ 2 ] Pin Id: 407927678729861268

Title: Roberto Burle Marx (Landscape Architecture)
Description: Roberto Burle Marx  Sidewalks of Copacabana
Link: https://www.bloglovin.com/blogs/landscape-architecture-5600849/roberto-burle-marx-4296238359

[ 3 ] Pin Id: 407927678729861271

Title: Roberto Burle Marx
Description: I wanted to add this to this board due to the AWESOMENESS of the paintings. The work is incredible. Love the colors the lines and the simple details in them. ROBERTO BURLE MARX
Link: http://q2xro.blogspot.com/2011/11/roberto-burle-marx.html

[ 4 ] Pin Id: 407927678729861273

Title: Os projetos do Burle Marx designer | Mochila Binária :: Um blog sobre tecnologia, marketing digital, comunicação e coisas legais
Description: Roberto Burle Marx
Link: http://www.mochilabinaria.com.br/os-projetos-do-burle-marx-designer/

[ 5 ] Pin Id: 407927678729861278

Title: Tapestry A La Rio
Description: burle marx viaKaleidoscopebrain
Link: http://kaleidoscopebrain.wordpress.com/2013/06/22/tapestry-a-la-rio/

[ 6 ] Pin Id: 407927678729861283

Title: Entrevista: Bruno Veiga e os grafismos de Burle Marx
Description: Entrevista: Bruno Veiga e os grafismos de Burle Marx | ArtRio
Link: http://www.artrio.art.br/pt-br/entrevistas/entrevista-bruno-veiga-e-os-grafismos-de-burle-marx

[ 7 ] Pin Id: 407927678729861286

Description: Roberto Burle Marx, Byscaine Boulevard Miami

[ 8 ] Pin Id: 407927678729861292

Title: Mirella Bee Pattern Pollinating Visionist and Designer
Description: Roberto Burle Marx.
Link: http://mirellabruno.tumblr.com/post/115928874791/roberto-burle-marx

[ 9 ] Pin Id: 407927678729861295

Title: Conhecido como paisagista, Burle Marx também foi um grande pintor
Description: Burle Marx - Revista Rio
Link: http://redeglobo.globo.com/globouniversidade/noticia/2011/12/conhecido-como-paisagista-burle-marx-tambem-foi-um-grande-pintor.html

[ 10 ] Pin Id: 407927678729861300

Title: ARTE!!!!
Description: burle marx
Link: http://teste2-zero11arquitetura.blogspot.com.br/2011/07/arte.html

[ 11 ] Pin Id: 407927678729861306

Title: Permanent Collection - Design for an Aubusson Tapestry - Permanent Collection
Description: Design for an Aubusson Tapestry (1953) by Roberto Burle-Marx
Link: http://www.artmuseumoftheamericas.org/collection/cpg15x/displayimage.php?pid=47

[ 12 ] Pin Id: 407927678729861312

Title: Burle Marx revela lado pintor em exposição em São Paulo - @aredacao
Description: Burle Marx revela lado pintor em exposição em São Paulo
Link: http://www.aredacao.com.br/cultura/53159/burle-marx-revela-lado-pintor-em-exposicao-em-sao-paulo

[ 13 ] Pin Id: 407927678729861314

Title: Federico Babina's Archibet is an illustrated alphabet of architects
Description: Archibet alphabet of architects by Federico Babina | Burle Marx
Link: http://www.dezeen.com/2014/01/09/archibet-federico-babina-illustrated-alphabet-of-architects/

[ 14 ] Pin Id: 407927678729861317

Title: Roberto Burle Marx
Description: landscaping project by Roberto Burle Marx
Link: http://q2xro.blogspot.nl/2011/11/roberto-burle-marx.html

[ 15 ] Pin Id: 407927678729861320

Description: Roberto Burle Marx, Unrealized Project for Rosa-Luxemburg-Platz, Detail Plan and Perspective of the Pool with Sculptures, Berlin, Germany, 1993
Link: http://31.media.tumblr.com/tumblr_lvibxhZL4p1qe0nlvo1_1280.jpg

[ 16 ] Pin Id: 407927678729861323

Description: Burle Marx

[ 17 ] Pin Id: 407927678729861333

Description: roberto burle marx paintings - Google Search
Link: https://www.google.ca/search?q=roberto+burle+marx&client=safari&rls=en&source=lnms&tbm=isch&sa=X&ved=0CAcQ_AUoAWoVChMIo_b9mabDxwIVlimICh1C0Qa3&biw=1059&bih=815#tbm=isch&tbs=rimg:Cd3ixljgH0Y2IjgJwz60A88El99-H9KUiQc3vr9JXOGMMjcZ_1wTof8PxWhI_1omlAyHCdpRnjce_1voDaGBGuuoJg8lCoSCQnDPrQDzwSXEVGeZlDbqkNPKhIJ334f0pSJBzcRJSTrjkUXPEoqEgm-v0lc4YwyNxFRnmZQ26pDTyoSCRn_1BOh_1w_1FaEcrEGEneO6gwKhIJEj-iaUDIcJ0RtUQvTTzK1FgqEgmlGeNx7--gNhHrokd_1O0-t8SoSCYYEa66gmDyUEeLyX-vYEnZe&q=roberto%20burle%20marx%20paintings&imgrc=K2K2MGhsHkvqdM:

[ 18 ] Pin Id: 407927678729861339

Title: Leilão em 13/08/2015
Description: R.BURLE MARX - Magnifica cerâmica, emoldurada, assinado: "R.BURLE MARX HARUYOSHI ONO GEA CERÂMIC
Link: http://www.conradoleiloeiro.com.br/peca.asp?ID=995347&ctd=2&tot=285&tipo=

[ 19 ] Pin Id: 407927678729861345

Title: Esculturas de Roberto Burle Marx - Catálogo das Artes
Description: Catálogo das Artes - Preço e Cotações de Obras de Arte - Roberto Burle Marx
Link: http://www.catalogodasartes.com.br/Avaliacoes2.asp?idTipo=2&cboArtista=Roberto%20Burle%20Marx&idArtista=&rdTipoObra=2&pesquisar=1&sNovoTipo=1&idFontePesquisa=

[ 20 ] Pin Id: 407927678729861350

Title: Dreaming of Brasilia
Description: This painting is by a Brazilian artist Roberto Burle Marx.  I love it because it reminds me of a Picasso's Guernica....as an added bonus the chair is also pretty swanky!
Link: http://online.wsj.com/article/SB10001424052702304186404576388170304044508.html#project=SLIDESHOW08&s=SB10001424052702304657804576402210052316664&articleTabs=slideshow

[ 21 ] Pin Id: 407927678729861355

Title: UOL Splash | Notícias de famosos, reality, novelas e mais
Description: Roberto Burle  Marx
Link: http://entretenimento.uol.com.br/ultnot/2008/04/14/ult4327u3714.jhtm

[ 22 ] Pin Id: 407927678729861359

Description: Haru by Roberto Burle Marx
Link: https://www.google.com.br/search?q=Lisa+Hochstein+paintings&espv=2&biw=1745&bih=828&source=lnms&tbm=isch&sa=X&ved=0CAYQ_AUoAWoVChMI0KHEkKasyAIVxKGACh1FWwdn#tbm=isch&q=Roberto+Burle+Marx+paintings&imgrc=EjZqJIL66fESGM:

[ 23 ] Pin Id: 407927678729861443

Description: Burle Marx

[ 24 ] Pin Id: 407927678729861457

Description: burle marx
Link: https://encrypted-tbn0.gstatic.com/images?q=tbn:ANd9GcSz46KNzI8biqsnqN1i1bJYTzK4FhgaHS7pMpKFiu5yuZ1A3D0qNg

[ 25 ] Pin Id: 407927678729861459

Description: Roberto Burle Marx (Brazilian, 1909-1994) Untitled, 1967 35 x 51in

[ 26 ] Pin Id: 407927678729861480

Description: obras burle marx acervo palacio do planalto - Google Search
Link: https://www.google.co.uk/search?q=wall+tiles+wave+design&es_sm=93&source=lnms&tbm=isch&sa=X&ei=xQWXVdXkFYSt7gb054_AAw&ved=0CAcQ_AUoAQ&biw=1164&bih=817#tbm=isch&q=obras+burle+marx+acervo+palacio+do+planalto&imgrc=jlycfw9vx3LbPM:

[ 27 ] Pin Id: 407927678729861504

Link: https://farm2.static.flickr.com/1447/24853891726_aee2c55839.jpg

[ 28 ] Pin Id: 407927678729862783

Description: roberto burle marx paintings - Google Search
Link: https://www.google.ca/search?q=roberto+burle+marx&client=safari&rls=en&source=lnms&tbm=isch&sa=X&ved=0CAcQ_AUoAWoVChMIo_b9mabDxwIVlimICh1C0Qa3&biw=1059&bih=815#tbm=isch&tbs=rimg:CQX-hCpIPlHzIjjgB8XxNw4H1bBQ1135i5yFMHE1niIWKBESuqf8Ei48pOXdIDz6_1iuJEksyLMDnjnqzhvrKifKkCioSCeAHxfE3DgfVETHbo8op2vwNKhIJsFDXXfmLnIURf3RG6hwjj0wqEgkwcTWeIhYoERE1v1Q0gpqhfyoSCRK6p_1wSLjykEbBiKLE-GD-WKhIJ5d0gPPr-K4kRlL13FVKIgYMqEgkSSzIswOeOehHYGtDd5wjnYyoSCbOG-sqJ8qQKEU5V5OW-WV56&q=roberto%20burle%20marx%20paintings&imgrc=5d0gPPr-K4kVlM:

[ 29 ] Pin Id: 407927678729877279

Description: CONCRET: Burle Marx
Link: http://www.google.com.br/imgres?imgurl=http://www.escritoriodearte.com/leilao/2008/junho/JPEG/1045.jpg&imgrefurl=http://www.escritoriodearte.com/leilao/2008/junho/selecao.asp%3Fid%3DROBERTO%2520BURLE%2520MARX%26q%3D&usg=__AUrgWJKcm8hK45-IvDiHZHtXL1Y=&h=486&w=600&sz=134&hl=pt-BR&start=0&zoom=1&tbnid=hV4c3GZgsRhP-M:&tbnh=121&tbnw=179&ei=Z4t6TbTJIMm9tgfa2MG6BQ&prev=/images%3Fq%3DBurle%2BMarx%26hl%3Dpt-BR%26sa%3DX%26biw%3D1536%26bih%3D1257%26tbs%3Disch:10,523&itbs=1&iact=hc&vpx=133&vpy=431&dur=2459&hovh=202&hovw=250&tx=135&ty=115&oei=Z4t6TbTJIMm9tgfa2MG6BQ&page=1&ndsp=63&ved=1t:429,r:15,s:0&biw=1536&bih=1257

[ 30 ] Pin Id: 407927678729879208

Title: Permanent Collection - Lua Cinzenta - Permanent Collection
Description: Roberto Burle-Marx
Link: http://www.artmuseumoftheamericas.org/collection/cpg15x/displayimage.php?pid=436

[ 31 ] Pin Id: 407927678729931999

Description: BURLE MARX
Link: http://www.catalogodasartes.com.br/Upload/@Obras/Bruna%20Araujo%20Silva%5CLeilao%20das%20Galerias%2023%20de%20mar%C3%A7o%20item007.jpg

[ 32 ] Pin Id: 407927678729961939

Title: Introduction to Beautiful Brazil Design
Description: Roberto Burle Marx.
Link: http://lauradivenereinteriors.blogspot.com/2011/12/inspiration-introduction-to-beautiful.html

[ 33 ] Pin Id: 407927678737477052

Title: Galeria Espaço Arte M. Mizrahi
Description: Sem título - Roberto Burle Marx
Link: http://www.espacoarte.com.br/obras/9056-roberto-burle-marx

[ 34 ] Pin Id: 407927678737477088

Title: Galeria Espaço Arte M. Mizrahi
Description: Sem título - Roberto Burle Marx
Link: http://www.espacoarte.com.br/obras/8845-roberto-burle-marx

[ 35 ] Pin Id: 407927678737477170

Title: Galeria Espaço Arte M. Mizrahi
Description: Sem título - P.E. - Roberto Burle Marx
Link: http://www.espacoarte.com.br/obras/8529-roberto-burle-marx

[ 36 ] Pin Id: 407927678737477205

Title: Galeria Espaço Arte M. Mizrahi
Description: Sem título - 110/120 - Roberto Burle Marx
Link: http://www.espacoarte.com.br/obras/8210-roberto-burle-marx

[ 37 ] Pin Id: 407927678737477262

Title: Galeria Espaço Arte M. Mizrahi
Description: Sem título - P.E. - Roberto Burle Marx
Link: http://www.espacoarte.com.br/obras/8209-roberto-burle-marx

[ 38 ] Pin Id: 407927678737493123

Title: Roberto Burle Marx
Description: Q2xRo: Roberto Burle Marx
Link: http://q2xro.blogspot.com.br/2011/11/roberto-burle-marx.html

[ 39 ] Pin Id: 407927678737493152

Title: Roberto Burle Marx
Description: Q2xRo: Roberto Burle Marx
Link: http://q2xro.blogspot.com.br/2011/11/roberto-burle-marx.html

[ 40 ] Pin Id: 407927678737493195

Title: Roberto Burle Marx
Description: Q2xRo: Roberto Burle Marx
Link: http://q2xro.blogspot.com.br/2011/11/roberto-burle-marx.html

[ 41 ] Pin Id: 407927678737493203

Title: Roberto Burle Marx
Description: Q2xRo: Roberto Burle Marx
Link: http://q2xro.blogspot.com.br/2011/11/roberto-burle-marx.html

[ 42 ] Pin Id: 407927678741535049

Description: Roberto Burle-Marx

[ 43 ] Pin Id: 407927678741539592

Title: Tapestry A La Rio
Description: burle marx viaKaleidoscopebrain
Link: http://kaleidoscopebrain.wordpress.com/2013/06/22/tapestry-a-la-rio/

[ 44 ] Pin Id: 407927678741539786

Description: Roberto Burle Marx
Link: http://t3.gstatic.com/images?q=tbn:ANd9GcQjEzs7tnJq_LtV1ppMJybloEoEUBhZGXB9Ytzsy6CilrZJh7w&t=1

[ 45 ] Pin Id: 407927678741540876

Title: ROBERTO BURLE MARX - 1975
Description: ROBERTO BURLE MARX - 1975 by bethnerybelem, via Flickr
Link: http://www.flickr.com/photos/bethnery/4025945031/

[ 46 ] Pin Id: 407927678741540903

Description: Roberto Burle Marx - Begônias (1950)
Link: http://www.acervodearte.com.br/acervo/fotos/6a26f3776e2e73663295e5d265abde06.jpg

[ 47 ] Pin Id: 407927678741555393

Title: 璐村惂404
Description: 景观铺装设计_景观吧_百度贴吧
Link: http://c.tieba.baidu.com/p/2997267639

[ 48 ] Pin Id: 407927678746566651

Title: Landscaping tropics, impressionist landscapes, transport, wool
Description: Roberto Burle Marx
Link: https://www.flickr.com/photos/28222966@N00/galleries/72157622761820234/

[ 49 ] Pin Id: 407927678746566733

Description: Roberto Burle Marx - Untitled (1994)
Link: http://www.bolsadearte.com/public/uploads/obras/2012/04/1441-_rro6520.jpg

[ 50 ] Pin Id: 407927678754713499

Title: 25 anos sem Burle Marx - morar 61
Link: http://morar61.com.br/2019/06/26/25-anos-sem-burle-marx/

[ 51 ] Pin Id: 407927678754713509

Title: Revisiting the Constructed Edens of Roberto Burle Marx (Published 2016)
Link: http://www.nytimes.com/2016/05/13/arts/design/review-revisiting-the-constructed-edens-of-roberto-burle-marx.html?emc=edit_th_20160513&nl=todaysheadlines&nlid=50004291&_r=0

[ 52 ] Pin Id: 407927678755677810

Title: Roberto Burle Marx’s Bold Brazilian Landscape Design Comes to New York
Link: https://www.1stdibs.com/introspective-magazine/roberto-burle-marx/?utm_source=pinterest&utm_medium=referral&utm_campaign=social&utm_content=editorial

[ 53 ] Pin Id: 407927678755677815

Title: AS PEDRAS PORTUGUESAS
Link: https://ama2345decopacabana.wordpress.com/as-pedras-portuguesas-2/

[ 54 ] Pin Id: 407927678755677817

Title: Roberto Burle Marx: the great Brazilian garden modernist
Link: http://viewportmagazine.com/people/roberto-burle-marx-the-great-brazilian-garden-modernist/

[ 55 ] Pin Id: 407927678755677821

Title: Rio de Janeiro Cidade Verde
Link: http://www.skyscrapercity.com/showthread.php?s=4a44a0107b22dac8b4b9f63d1046ac39&p=118280131&langid=5

[ 56 ] Pin Id: 407927678755677827

Title: Lua cinzenta  - Roberto Burle Marx - Catálogo das Artes
Link: https://www.catalogodasartes.com.br/obra/DBUcAA/

[ 57 ] Pin Id: 407927678755677830

Title: Noite Indormida I - Roberto Burle Marx - Catálogo das Artes
Link: https://www.catalogodasartes.com.br/obra/GDeUPU/

[ 58 ] Pin Id: 407927678755677839

Title: Sem título - Roberto Burle Marx - Catálogo das Artes
Link: https://www.catalogodasartes.com.br/obra/PzUzUB/

[ 59 ] Pin Id: 407927678755677852

Title: 80 obras de Roberto Burle Marx na Pinacoteca
Link: http://www.lilianpacce.com.br/e-mais/roberto-burle-marx-exposicao-pinacoteca/

[ 60 ] Pin Id: 407927678755677864

Title: Obras de arte tecidas pela roda da fortuna
Link: http://wsimag.com/pt/arte/13781-obras-de-arte-tecidas-pela-roda-da-fortuna

[ 61 ] Pin Id: 407927678755677910

Link: http://www.bolsadearte.com/public/uploads/obras/2012/01/428-RR0_5184.jpg

[ 62 ] Pin Id: 407927678755678069

Title: Abstração - Roberto Burle Marx - Catálogo das Artes
Link: https://www.catalogodasartes.com.br/obra/DBBPGt/

[ 63 ] Pin Id: 407927678755731972

Title: PASSADO COMPOSTO
Description: PASSADO COMPOSTO
Link: http://www.passadocomposto.com.br/conteudo/popfoto.asp?foto_g=PC11-726-500.jpg

[ 64 ] Pin Id: 407927678755799348

Title: Untitled
Link: http://www.flickr.com/photos/unforth/3389956944/

[ 65 ] Pin Id: 407927678755899303

Title: Sem título  - Roberto Burle Marx - Catálogo das Artes
Link: https://www.catalogodasartes.com.br/obra/PDDzUA/

[ 66 ] Pin Id: 407927678755932186

Title: Dicas de NYC: Uma visita ao The Jewish Museum e a exposição do Burle Marx
Link: https://wordsofleisure.com/2016/06/23/dicas-de-nyc-uma-visita-ao-the-jewish-museum-e-a-exposicao-do-burle-marx/

