Pinterest Downloader: Version 1.9

Input URL: https://www.pinterest.com/fredguth/erik-brunn/
Folder URL: https://www.pinterest.com/fredguth/erik-brunn/

[ 1 ] Pin Id: 407927678760524905

Title: Erik Bruun Illustration
Link: https://www.flickr.com/photos/sandiv999/4399553221

[ 2 ] Pin Id: 407927678760524909

Title: Erik Bruun - Finnish tourism promotion brochure 1960'ies
Link: http://www.flickr.com/photos/30266431@N02/7632746680/in/photostream/

[ 3 ] Pin Id: 407927678760524910

Title: Designer Desire: Erik Bruun - H is for Home Harbinger
Description: Mosaic of Erik Bruun designs | H is for Home
Link: https://hisforhomeblog.com/designer-desire/designer-desire-erik-bruun/

[ 4 ] Pin Id: 407927678760524911

Title: エリック・ブルーン | PIE International
Description: エリック・ブルーン
Link: http://pie.co.jp/search/detail.php?ID=4663

[ 5 ] Pin Id: 407927678760524912

Title: dyna moe: Photo
Description: Erik Bruun - dyna moe
Link: https://dynamoe.tumblr.com/image/190304875642

[ 6 ] Pin Id: 407927678760524913

Title: Alfius De Bux
Link: http://alfiusdebux.tumblr.com/post/125778070799/erik-bruun-hartwall-orange-jaffa-outdoor-poster

[ 7 ] Pin Id: 407927678760524915

Link: http://www.epressi.com/media/userfiles/23465/1435205653/bruun_norppa.jpg

[ 8 ] Pin Id: 407927678760548495

Title: seal coaster
Link: https://shop.perkinsandmorley.com/product/seal-coaster/

