Pinterest Downloader: Version 1.9

Input URL: https://www.pinterest.com/fredguth/coletivo-muda/
Folder URL: https://www.pinterest.com/fredguth/coletivo-muda/

[ 1 ] Pin Id: 407927678717644024

Title: Exposição
Description: coletivo MUDA
Link: http://coletivomuda.com.br/category/exposicao/

[ 2 ] Pin Id: 407927678717644026

Title: Journal for design
Description: coletivo muda
Link: http://otempodecriar.blogspot.com/2011/08/journal-for-design.html

[ 3 ] Pin Id: 407927678717644028

Title: COLETIVO MUDA | ARTE DE RUA EM AZULEJOS
Description: tile art
Link: http://referans.wordpress.com/2011/12/13/coletivo-muda-arte-e-design-em-azulejos/

[ 4 ] Pin Id: 407927678717644029

Description: coletivo Muda, Rio de Janeiro

[ 5 ] Pin Id: 407927678717644030

Description: Coletivo Muda
Link: http://mudablog.files.wordpress.com/2012/06/dsc_0176.jpg

[ 6 ] Pin Id: 407927678717644031

Description: Coletivo MUDA
Link: http://agentedearte.com/

[ 7 ] Pin Id: 407927678717644032

Title: intervenção
Description: Coletivo Muda
Link: http://coletivomuda.com.br/category/intervencao/

[ 8 ] Pin Id: 407927678717644033

Title: Azulejo
Description: Coletivo Muda
Link: http://coletivomuda.com.br/category/azulejo/

[ 9 ] Pin Id: 407927678717644034

Description: Coletivo Muda
Link: http://mudablog.files.wordpress.com/2012/07/img_0329.jpg

[ 10 ] Pin Id: 407927678717644035

Description: Coletivo Muda
Link: http://mudablog.files.wordpress.com/2012/09/muda_viaduto_sdu_06.jpg

[ 11 ] Pin Id: 407927678717644036

Description: Coletivo MUDA @.Oztel
Link: http://coletivomuda.com.br/2012/02/29/mudaoztel/

[ 12 ] Pin Id: 407927678717644037

Title: COLETIVO MUDA | ARTE DE RUA EM AZULEJOS
Description: artistic tiles
Link: http://referans.wordpress.com/2011/12/13/coletivo-muda-arte-e-design-em-azulejos/

[ 13 ] Pin Id: 407927678717644038

Description: Coletivo Muda
Link: http://mudablog.files.wordpress.com/2012/05/img_22361-e1337366373301.jpg

[ 14 ] Pin Id: 407927678717644039

Title: Solosedieblog.com
Description: Coletivo Muda - Rio de Janeiro
Link: http://www.solosedieblog.com/2012/01/coletivo-muda-arte-de-rua-com-azulejos.html

[ 15 ] Pin Id: 407927678717644040

Title: COLETIVO MUDA | ARTE DE RUA EM AZULEJOS
Description: colorful tiles + pannel art
Link: http://referans.wordpress.com/2011/12/13/coletivo-muda-arte-e-design-em-azulejos/

[ 16 ] Pin Id: 407927678717644041

Title: Azulejo
Description: Coletivo MUDA, Cardeal Arco Verde X Mourato Coelho, Vila Madalena - São Paulo SP
Link: http://coletivomuda.com.br/category/azulejo/

[ 17 ] Pin Id: 407927678717644043

Description: Coletivo Muda
Link: http://mudablog.files.wordpress.com/2012/06/dsc_0412.jpg

[ 18 ] Pin Id: 407927678717644045

Title: MUDA
Description: Coletivo MUDA no Mirante do Joá - Rio de Janeiro.
Link: http://coletivomuda.com.br/

[ 19 ] Pin Id: 407927678717644046

Description: amazing street art with tiles, at Rio de Janeiro, by Coletivo Muda #MUDA
Link: http://coletivomuda.com.br/2011/06/27/4-x-muda/

[ 20 ] Pin Id: 407927678717644047

Description: Coletivo Muda - Voluntários da Pátria!
Link: http://instagr.am/p/Kz4BxCK3uC/?ref=nf

[ 21 ] Pin Id: 407927678717644048

Title: MUDA
Description: #coletivo #MUDA /// coletivo de arte e intervenção urbana do RIo.
Link: http://coletivomuda.com.br/

[ 22 ] Pin Id: 407927678717644051

Title: MUDA
Description: DSC_0486
Link: http://coletivomuda.com.br/

[ 23 ] Pin Id: 407927678717644058

Link: http://mudablog.files.wordpress.com/2012/10/img_0871.jpg

[ 24 ] Pin Id: 407927678717644061

Link: http://mudablog.files.wordpress.com/2012/09/muda_viaduto_sdu_09.jpg

[ 25 ] Pin Id: 407927678717644063

Title: MUDA
Description: SANTA 03
Link: http://coletivomuda.com.br/

[ 26 ] Pin Id: 407927678717644064

Title: MUDA
Description: MUDA Cosme Velho 03
Link: http://coletivomuda.com.br/

[ 27 ] Pin Id: 407927678717644069

Description: coletivo Muda, Rio de Janeiro

[ 28 ] Pin Id: 407927678717644080

Title: Estou procurando por _novosite o-coletivo-muda - Triton  | Loja Oficial | Compre Online
Description: O COLETIVO MUDA | Triton
Link: http://triton.com.br/_novosite/o-coletivo-muda

[ 29 ] Pin Id: 407927678717644083

Title: Estou procurando por _novosite o-coletivo-muda - Triton  | Loja Oficial | Compre Online
Description: O COLETIVO MUDA | Triton
Link: http://triton.com.br/_novosite/o-coletivo-muda

[ 30 ] Pin Id: 407927678717644086

Link: http://riotimesonline.com/wp-content/uploads/2012/03/ohoh.png

[ 31 ] Pin Id: 407927678717644093

Title: MUDA, mudando a paisagem
Link: http://daquidali.com.br/fernanda-martinez/muda-mudando-a-paisagem/

[ 32 ] Pin Id: 407927678717644108

Description: Entrevista: Coletivo MUDA
Link: http://atelierinbox.com.br/entrevista-coletivo-muda/

[ 33 ] Pin Id: 407927678717644110

Description: Entrevista: Coletivo MUDA
Link: http://atelierinbox.com.br/entrevista-coletivo-muda/

[ 34 ] Pin Id: 407927678717644114

Title: supercoolr
Description: SUPERCOOLR
Link: http://supercoolr.tumblr.com/page/3

[ 35 ] Pin Id: 407927678717644117

Title: Ladrilho hidráulico e Azulejos Estampados
Link: http://oficinadearquiteturabh.blogspot.com.br/2012/11/ladrilho-hidraulico-e-azulejos.html

[ 36 ] Pin Id: 407927678717644122

Title: Oficina de Arquitetura
Description: Oficina de Arquitetura
Link: http://oficinadearquiteturabh.blogspot.com.br/

[ 37 ] Pin Id: 407927678717644171

Description: Coletivo MUDA @.Oztel
Link: http://coletivomuda.com.br/2012/02/29/mudaoztel/

[ 38 ] Pin Id: 407927678717644173

Description: coletivo MUDA , uruguaiana RJ

[ 39 ] Pin Id: 407927678717658517

Description: azulejos
Link: http://mudablog.files.wordpress.com/2012/06/dsc_04362.jpg

[ 40 ] Pin Id: 407927678717658559

Title: MUDA
Description: Atravessando_MUDA_01
Link: http://coletivomuda.com.br/

[ 41 ] Pin Id: 407927678717658561

Title: O Oztel
Description: TheRioYou_Oztel02
Link: http://therioyou.com/o-oztel/

[ 42 ] Pin Id: 407927678717658562

Description: MUDA no Tunel Acustico
Link: http://coletivomuda.com.br/2011/08/16/muda-tunel-acustico/

[ 43 ] Pin Id: 407927678717658563

Title: MUDA
Description: MUDA 9 de Julho
Link: http://coletivomuda.com.br/

[ 44 ] Pin Id: 407927678717658564

Title: MUDA
Description: MUDA Liberdade
Link: http://coletivomuda.com.br/

[ 45 ] Pin Id: 407927678717658565

Title: MUDA
Description: BRUMA01
Link: http://coletivomuda.com.br/

[ 46 ] Pin Id: 407927678717658567

Title: MUDA
Description: MUDA HAVANA
Link: http://coletivomuda.com.br/

[ 47 ] Pin Id: 407927678717658569

Title: MUDA
Description: TAPAS E MUDAS
Link: http://coletivomuda.com.br/

[ 48 ] Pin Id: 407927678717660901

Title: MUDA
Description: SANTA 05
Link: http://coletivomuda.com.br/

[ 49 ] Pin Id: 407927678717660907

Title: MUDA
Description: AlquiMUDA 04
Link: http://coletivomuda.com.br/

[ 50 ] Pin Id: 407927678717660915

Title: MUDA
Description: MUDA Rio+20 10
Link: http://coletivomuda.com.br/

[ 51 ] Pin Id: 407927678717660919

Description: Mini MUDA is back!
Link: http://coletivomuda.com.br/2011/11/25/mini-muda-is-back/

[ 52 ] Pin Id: 407927678717660920

Description: MUDA Rocinha
Link: http://coletivomuda.com.br/2012/03/26/muda-na-rocinha/

[ 53 ] Pin Id: 407927678717660921

Title: MUDA
Description: MUDA-RJ
Link: http://coletivomuda.com.br/

[ 54 ] Pin Id: 407927678717660922

Title: MUDA
Description: MUDA
Link: http://coletivomuda.com.br/

[ 55 ] Pin Id: 407927678717660923

Description: MUDA na bagagem (New York - Havana)
Link: http://coletivomuda.com.br/2012/03/15/muda-na-bagagem-new-york-havana/

[ 56 ] Pin Id: 407927678717660924

Title: MUDA
Description: MUDA NYC
Link: http://coletivomuda.com.br/

[ 57 ] Pin Id: 407927678717660925

Title: MUDA
Description: MUDA Mengão
Link: http://coletivomuda.com.br/

[ 58 ] Pin Id: 407927678717692422

Description: NY
Link: http://sphotos-c.ak.fbcdn.net/hphotos-ak-ash3/532615_533477213337951_1265113509_n.jpg

[ 59 ] Pin Id: 407927678717700817

Description: na Lagoa
Link: https://fbcdn-sphotos-a-a.akamaihd.net/hphotos-ak-ash4/406635_535027873182885_2078127632_n.jpg

[ 60 ] Pin Id: 407927678717766841

Link: http://sphotos-f.ak.fbcdn.net/hphotos-ak-ash3/530785_546043835414622_1939015385_n.jpg

[ 61 ] Pin Id: 407927678718872551

Description: Williamsburg

[ 62 ] Pin Id: 407927678718872559

Title: MUDA
Description: MUDA_2013_BUZIOS_07
Link: http://coletivomuda.com.br/

[ 63 ] Pin Id: 407927678718872560

Title: MUDA
Description: MUDA_Lagoa_07
Link: http://coletivomuda.com.br/

[ 64 ] Pin Id: 407927678718872561

Title: artvertising
Link: http://www.ideafixa.com/muda-a-rua/

[ 65 ] Pin Id: 407927678718872563

Title: MUDA
Description: AZULEJOS MUDA
Link: http://coletivomuda.com.br/

[ 66 ] Pin Id: 407927678718872564

Title: MUDA
Description: nas areias bahianas 03
Link: http://coletivomuda.com.br/

[ 67 ] Pin Id: 407927678718872565

Title: MUDA
Description: CASACOR2012_02
Link: http://coletivomuda.com.br/

[ 68 ] Pin Id: 407927678718872566

Title: MUDA
Description: MUDA_urca_06
Link: http://coletivomuda.com.br/

[ 69 ] Pin Id: 407927678718872567

Title: MUDA
Description: BANCO01
Link: http://coletivomuda.com.br/

[ 70 ] Pin Id: 407927678718872568

Title: MUDA
Description: MUDA_urca_04
Link: http://coletivomuda.com.br/

[ 71 ] Pin Id: 407927678718872569

Title: MUDA
Description: CASACOR2012_01
Link: http://coletivomuda.com.br/

[ 72 ] Pin Id: 407927678718872571

Title: MUDA
Description: BOX02
Link: http://coletivomuda.com.br/

[ 73 ] Pin Id: 407927678718872572

Title: MUDA
Description: MUDA_Saudade_09
Link: http://coletivomuda.com.br/

[ 74 ] Pin Id: 407927678718872575

Title: MUDA
Description: Aterro Coletivo 02
Link: http://coletivomuda.com.br/

[ 75 ] Pin Id: 407927678718872576

Title: MUDA
Description: BRUMA04
Link: http://coletivomuda.com.br/

[ 76 ] Pin Id: 407927678718872577

Title: MUDA
Description: Atravessando_MUDA_05
Link: http://coletivomuda.com.br/

[ 77 ] Pin Id: 407927678718872579

Title: MUDA
Description: Atravessando_MUDA_09
Link: http://coletivomuda.com.br/

[ 78 ] Pin Id: 407927678718872580

Title: MUDA
Description: AlquiMUDA
Link: http://coletivomuda.com.br/

[ 79 ] Pin Id: 407927678718872583

Title: MUDA
Description: AlquiMUDA
Link: http://coletivomuda.com.br/

[ 80 ] Pin Id: 407927678718872585

Title: MUDA
Description: MUDA_Uruguaiana
Link: http://coletivomuda.com.br/

[ 81 ] Pin Id: 407927678718872587

Title: MUDA
Description: Patria_MUDA_2
Link: http://coletivomuda.com.br/

[ 82 ] Pin Id: 407927678718872591

Title: intervenção
Description: barra
Link: http://coletivomuda.com.br/category/intervencao/

[ 83 ] Pin Id: 407927678718872600

Title: Tapeçaria
Description: pared+alfombra+jardinera interior de madera (MUDA)
Link: http://coletivomuda.com.br/category/tapecaria/

[ 84 ] Pin Id: 407927678718872603

Title: Internacional
Description: Coletivo MUDA , Havana
Link: http://coletivomuda.com.br/category/internacional/

[ 85 ] Pin Id: 407927678718872604

Description: DSC_0058
Link: http://coletivomuda.com.br/2013/04/17/muda-sp-pinheiros/#comments

[ 86 ] Pin Id: 407927678718872609

Description: MUDA_Saudade_06
Link: http://coletivomuda.com.br/2013/01/30/muda-da-saudade/

[ 87 ] Pin Id: 407927678718872611

Title: MUDA
Description: SANTA 05
Link: http://coletivomuda.com.br/

[ 88 ] Pin Id: 407927678718872613

Description: MUDA tiles @ Santa Tereza, Rio de Janeiro. So awesome. #muda
Link: http://coletivomuda.com.br/2012/11/27/muda-santattack/

[ 89 ] Pin Id: 407927678718872615

Title: Azulejo
Description: MUDA Oztel 08
Link: http://coletivomuda.com.br/category/azulejo/

[ 90 ] Pin Id: 407927678718872616

Title: Azulejo
Description: intervention from MUDA at sp
Link: http://coletivomuda.com.br/category/azulejo/

[ 91 ] Pin Id: 407927678718872620

Description: #
Link: http://coletivomuda.com.br/2012/06/13/muda20/

[ 92 ] Pin Id: 407927678718872622

Title: Azulejo
Description: One more...
Link: http://coletivomuda.com.br/category/azulejo/

[ 93 ] Pin Id: 407927678718872624

Description: MUDA Casa Cor 2011
Link: http://coletivomuda.com.br/2011/12/07/muda-casa-cor-2011/

[ 94 ] Pin Id: 407927678718872630

Title: MUDA
Description: MUDA
Link: http://coletivomuda.com.br/

[ 95 ] Pin Id: 407927678718872645

Description: Muda

[ 96 ] Pin Id: 407927678718872687

Title: Interno
Description: IMG_1700
Link: http://coletivomuda.com.br/category/interno/

[ 97 ] Pin Id: 407927678718872690

Title: Interno
Description: MUDA nossa casa 2
Link: http://coletivomuda.com.br/category/interno/

[ 98 ] Pin Id: 407927678718872695

Title: Interno
Description: 05
Link: http://coletivomuda.com.br/category/interno/

[ 99 ] Pin Id: 407927678718920660

Description: muda_2013_buzios_ 06-Culture
Link: http://mudablog.files.wordpress.com/2013/04/muda_2013_buzios_06.jpg

[ 100 ] Pin Id: 407927678729524676

Title: MUDA
Description: Coletivo MUDA
Link: http://coletivomuda.com.br/

[ 101 ] Pin Id: 407927678729537519

Title: Azulejo
Description: Coletivo Muda.
Link: http://coletivomuda.com.br/category/azulejo/

[ 102 ] Pin Id: 407927678729584797

Description: 47|10
Link: https://artsy.net/artwork/coletivo-muda-47-10

[ 103 ] Pin Id: 407927678729584805

Title: Coletivo MUDA
Description: Coletivo MUDA caixa painel 05
Link: http://www.lurixs.com/artista/coletivo-muda

[ 104 ] Pin Id: 407927678729588881

Title: Coletivo MUDA
Description: Coletivo MUDA caixa painel 10
Link: http://www.lurixs.com/artista/coletivo-muda

[ 105 ] Pin Id: 407927678729589099

Title: Coletivo MUDA
Description: Coletivo MUDA caixa painel 04
Link: http://www.lurixs.com/artista/coletivo-muda

[ 106 ] Pin Id: 407927678729605449

Title: Coletivo MUDA
Description: Coletivo MUDA caixa painel 07
Link: http://www.lurixs.com/artista/coletivo-muda

[ 107 ] Pin Id: 407927678729693801

Title: Artistas brasileiros fazem arte na rua usando azulejos coloridos
Description: ColetivoMUDA3
Link: http://www.hypeness.com.br/2013/11/artistas-brasileiros-fazem-arte-na-rua-usando-azulejos/

[ 108 ] Pin Id: 407927678737598490

Title: Temporal
Description: Temporal | MUDA
Link: http://coletivomuda.com.br/?portfolio=temporal

[ 109 ] Pin Id: 407927678737598499

Title: Home - Bamboo Net
Description: na imagem, painel de azulejos do coletivo muda.
Link: http://www.bamboonet.com.br/posts/a-carioca-erika-duarte-reformou-um-apartamento-da-decada-de-1970-para-ela-mesma-com-uma-missao-ocupar-e-habitar-todos-os-ambientes

[ 110 ] Pin Id: 407927678737598601

Description: Muda

[ 111 ] Pin Id: 407927678737598668

Title: Coletivo MUDA
Description: Coletivo MUDA dois tempos
Link: http://www.lurixs.com/artista/coletivo-muda

[ 112 ] Pin Id: 407927678737598690

Title: Coletivo MUDA
Description: Estudo sobre Verso 05 | 2016 | Tinta Spray sobre azulejo (base em madeira) | 138 x 71 x 4 cm
Link: http://www.lurixs.com/artista/coletivo-muda

[ 113 ] Pin Id: 407927678737598703

Title: Coletivo MUDA
Description: Estudo sobre Verso 03 | 2016 | Tinta Spray sobre azulejo (base em madeira) | 124 x 57 x 4 cm
Link: http://www.lurixs.com/artista/coletivo-muda

[ 114 ] Pin Id: 407927678737598731

Title: Coletivo MUDA
Description: Alicatado 01 | 2014 | Tinta spray sobre azulejo (base em madeira) | 48 x 126 x 4 cm
Link: http://www.lurixs.com/artista/coletivo-muda

[ 115 ] Pin Id: 407927678737598822

Title: Coletivo MUDA
Description: Caixa Painel 10 | 2013 | Tinta spray sobre azulejo | 156 x 94 x 16 cm
Link: http://www.lurixs.com/artista/coletivo-muda

[ 116 ] Pin Id: 407927678737599229

Title: Interno
Description: Coletivo MUDA | Barra da Tijuca | Rio de Janeiro
Link: http://coletivomuda.com.br/category/interno/

[ 117 ] Pin Id: 407927678737599256

Description: Apartamento Fenix - www.giseletaranto.com
Link: http://www.giseletaranto.com/Apartamento-Fenix

[ 118 ] Pin Id: 407927678737599361

Title: Azulejo
Description: Coletivo MUDA, Cardeal Arco Verde X Mourato Coelho, Vila Madalena - São Paulo SP
Link: http://coletivomuda.com.br/category/azulejo/

[ 119 ] Pin Id: 407927678737599398

Description: 47|10
Link: https://artsy.net/artwork/coletivo-muda-47-10

[ 120 ] Pin Id: 407927678738454327

Title: Azulejo
Description: Coletivo Muda e a arte do azulejo! Sensacional
Link: http://coletivomuda.com.br/category/azulejo/

[ 121 ] Pin Id: 407927678740439972

Title: MUDA
Description: MUDA_Lagoa_07
Link: http://coletivomuda.com.br/

[ 122 ] Pin Id: 407927678746773168

Description: RJ coletivo muda

[ 123 ] Pin Id: 407927678746773179

Title: #StreetArtRio | Um catálogo vivo e diário das ruas do Rio
Description: Coletivo Muda @hazujh em #StreetArtRio
Link: http://streetartrio.com.br/artista/coletivo-muda/compartilhado-por-hazujh-em-jun-30-2016-1255/

[ 124 ] Pin Id: 407927678746773191

Title: Different Designs for Your Floor Using Ceramics
Description: MUDA_BIBLIOTECA-4 #CeramicFlooringIdeas #FlooringIdeas #CeramicFlooring click now to see more...
Link: http://modernpotterie.info/different-designs-for-your-floor-using-ceramics

[ 125 ] Pin Id: 407927678746773206

Title: coletivo muda – Página 5 – MUDA
Description: Brazilian Street Artist, Coletivo MUDA | Biblioteca Parque Estadual | Rio de Janeiro | 2013
Link: https://mudablog.wordpress.com/tag/coletivo-muda/page/5/

[ 126 ] Pin Id: 407927678746773208

Title: coletivo muda – Página 5 – MUDA
Description: MUDA FLORIPA 2013-9
Link: https://mudablog.wordpress.com/tag/coletivo-muda/page/5/

[ 127 ] Pin Id: 407927678746773212

Description: Coletivo Muda

[ 128 ] Pin Id: 407927678746773218

Title: Prazeres
Description: MUDAprazeres07
Link: http://coletivomuda.com.br/?portfolio=prazeres

[ 129 ] Pin Id: 407927678746773219

Title: EuroTRIP#04 Costa do Castelo
Description: MUDAlisboa0101
Link: http://coletivomuda.com.br/?portfolio=eurotrip04-costa-do-castelo

[ 130 ] Pin Id: 407927678746773221

Title: MUDA
Description: MUDA
Link: http://coletivomuda.com.br/

[ 131 ] Pin Id: 407927678746773222

Description: Salve Coletivo muda - RJ (João Tolentino)

[ 132 ] Pin Id: 407927678746773225

Title: Coletivo MUDA
Description: Coletivo MUDA três tempos
Link: http://www.lurixs.com/artista/coletivo-muda

[ 133 ] Pin Id: 407927678746773280

Title: MUDA em dois planos
Description: MUDA em dois planos
Link: http://coletivomuda.com.br/?portfolio=muda-em-dois-planos

[ 134 ] Pin Id: 407927678746773281

Title: CRU
Description: MUDA_CRU_02
Link: http://coletivomuda.com.br/?portfolio=cru

[ 135 ] Pin Id: 407927678746773283

Title: EuroTrip#03 Paris Lisboa
Description: MUDAparislisboa05
Link: http://coletivomuda.com.br/?portfolio=eurotrip03-paris-lisboa

[ 136 ] Pin Id: 407927678746773284

Title: Azulejo
Description: Coletivo Muda. | Hobby&decor inspirações em decoração! | Instagram.com/hobbydecor | #arte #decoração #decor #design #arquitetura #tiles
Link: http://coletivomuda.com.br/category/azulejo/

[ 137 ] Pin Id: 407927678746773285

Description: Interseções do Coletivo MUDA para o Estúdio PN Casa Cor Rio 2014

[ 138 ] Pin Id: 407927678746773292

Title: MUDA
Description: Coletivo MUDA
Link: http://coletivomuda.com.br/

[ 139 ] Pin Id: 407927678746773296

Description: Diversidade Harmônica

[ 140 ] Pin Id: 407927678746773299

Title: MUDA
Description: MUDA
Link: http://coletivomuda.com.br/

[ 141 ] Pin Id: 407927678746773314

Title: Entre cores e concreto, apartamento ganha ares personalíssimo
Description: A harmonia entre o design de interiores e a arquitetura impera neste apartamento de 200 m²
Link: https://arquiteturaeconstrucao.abril.com.br/apartamentos/entre-cores-e-concreto-apartamento-ganha-ares-personalissimo/

[ 142 ] Pin Id: 407927678746773317

Title: MUDA: Coletivo do Rio de Janeiro trabalha com azulejos para transformar espaços urbanos com muita cor - FTCMAG
Description: Coletivo Muda
Link: http://followthecolours.com.br/art-attack/coletivo-muda/

[ 143 ] Pin Id: 407927678746773318

Title: MUDA “5 estrelas”
Description: MUDA_5estrelas_04
Link: http://coletivomuda.com.br/?portfolio=muda-5-estrelas

[ 144 ] Pin Id: 407927678746773320

Title: Galeria de Coletivo MUDA e seus azulejos pela cidade  - 6
Description: Coletivo MUDA e seus azulejos pela cidade
Link: http://www.archdaily.com.br/br/01-101981/coletivo-muda-e-seus-azulejos-pela-cidade/513cc474b3fc4b09df00001e

[ 145 ] Pin Id: 407927678746773857

Description: COLETIVO MUDA- SP

[ 146 ] Pin Id: 407927678752063703

Title: Coletivo MUDA
Description: Coletivo MUDA | LURIXS
Link: http://www.lurixs.com/artista/coletivo-muda

[ 147 ] Pin Id: 407927678752063704

Title: Coletivo MUDA
Description: Coletivo MUDA | LURIXS
Link: http://www.lurixs.com/artista/coletivo-muda

[ 148 ] Pin Id: 407927678758366429

Title: Coletivo MUDA
Link: http://www.lurixs.com/artista/coletivo-muda

[ 149 ] Pin Id: 407927678758366456

Title: #StreetArtRio | Um catálogo vivo e diário das ruas do Rio
Link: http://streetartrio.com.br/artista/coletivo-muda/compartilhado-por-maison21-em-nov-04-2014-1619/

