Pinterest Downloader: Version 1.9

Input URL: https://www.pinterest.com/fredguth/samico/
Folder URL: https://www.pinterest.com/fredguth/samico/

[ 1 ] Pin Id: 407927678760816924

Title: O Ser e o Tempo de Gilvan Samico
Description: (texto publicado na +Soma 9 – aqui, levemente alterado. Imagens de trabalhos de Gilvan Samico) O tempo escorre, lento, na província afetiva do artista. Gravar pede paciência e muito ofício. Sam…
Link: https://arthurdantas.wordpress.com/2009/09/27/o-ser-e-o-tempo-de-gilvan-samico/amp/

[ 2 ] Pin Id: 407927678760816926

Title: NEURÔNIOS: AS  XILOGRAVURAS  DE  GILVAN  SAMICO (1928 / 2013)
Description: GILVAN SAMICO
Link: http://rwarquitetura.blogspot.com.br/2013/11/neuronios-as-xilogravuras-de-gilvan.html

[ 3 ] Pin Id: 407927678760816927

Title: Artista:     Samico
Description: Galeria Estação - Artista: Samico
Link: http://www.galeriaestacao.com.br/en/artist/45#prettyPhoto[GalArtista]/1/

[ 4 ] Pin Id: 407927678760816929

Description: .

[ 5 ] Pin Id: 407927678760816932

Title: Samico
Description: Samico, Luzia entre feras (1968), xilogravura
Link: http://artepopularbrasil.blogspot.com.br/2011/09/samico.html

[ 6 ] Pin Id: 407927678760816935

Title: 5. Gilvan Samico - O diálogo
Link: https://www.flickr.com/photos/franciscovalle/2830813456/

[ 7 ] Pin Id: 407927678760816936

Description: Gilvan José de Meira Lins Samico woodcut

[ 8 ] Pin Id: 407927678760816941

Title: NEURÔNIOS: AS  XILOGRAVURAS  DE  GILVAN  SAMICO (1928 / 2013)
Link: http://rwarquitetura.blogspot.com/2013/11/neuronios-as-xilogravuras-de-gilvan.html

[ 9 ] Pin Id: 407927678760816944

Title: psychodelic mermaid

[ 10 ] Pin Id: 407927678760816945

Title: Nordeste Brasileiro
Link: https://nordeste-brasileiro.tumblr.com/post/64316972462

[ 11 ] Pin Id: 407927678760816946

Title: 34. Gilvan Samico
Link: http://www.flickr.com/photos/franciscovalle/2865701869/in/photostream

[ 12 ] Pin Id: 407927678760816949

Link: https://s-media-cache-ak0.pinimg.com/236x/9c/a1/02/9ca102f8ac3d5b7c6aff8c358678fefa.jpg

[ 13 ] Pin Id: 407927678760816950

Title: Samico
Description: Arte Popular do Brasil: Samico
Link: http://artepopularbrasil.blogspot.com/2011/09/samico.html

[ 14 ] Pin Id: 407927678760816954

Title: Samico, Gilvan | galeriabase
Description: Samico, Gilvan | galeriabase
Link: https://www.galeriabase.com/gilvan-samico?lightbox=dataItem-jd4nhb7y

[ 15 ] Pin Id: 407927678760816955

Description: Samico

[ 16 ] Pin Id: 407927678760816960

Description: Gilvan Samico Linhas, Traçados e Cores  O Reino de Gilvan Samico Out/Nov 2014 Caixa Cultural São Paulo

[ 17 ] Pin Id: 407927678760816962

Title: Art at the São Paulo biennial – in pictures
Link: https://www.theguardian.com/artanddesign/gallery/2016/sep/12/sao-paulo-biennial-incerteza-vivain-art-pictures?page=with:img-5#img-5

[ 18 ] Pin Id: 407927678760816963

Title: Samico
Description: Arte Popular do Brasil: Samico
Link: http://artepopularbrasil.blogspot.com/2011/09/samico.html?m=1

[ 19 ] Pin Id: 407927678760816969

Title: Samico, Gilvan | galeriabase
Link: https://www.galeriabase.com/gilvan-samico?lightbox=dataItem-kcxrxzs7

[ 20 ] Pin Id: 407927678760816972

Title: Samico
Description: Arte Popular do Brasil: Samico
Link: http://artepopularbrasil.blogspot.com/2011/09/samico.html?m=1

[ 21 ] Pin Id: 407927678760816974

Title: Spotart | Compre sua obra de arte
Description: Via Láctea - Constelação da serpente II 15/120
Link: https://www.spotart.com.br/

[ 22 ] Pin Id: 407927678760816976

Title: Spotart | Compre sua obra de arte
Description: A conquista do fogo e do grão 40/120
Link: https://www.spotart.com.br/

[ 23 ] Pin Id: 407927678760816977

Title: Art at the São Paulo biennial – in pictures
Link: https://www.theguardian.com/artanddesign/gallery/2016/sep/12/sao-paulo-biennial-incerteza-vivain-art-pictures

[ 24 ] Pin Id: 407927678760816978

Title: Spotart | Compre sua obra de arte
Link: https://www.spotart.com.br/

[ 25 ] Pin Id: 407927678760816987

Title: NEURÔNIOS: AS  XILOGRAVURAS  DE  GILVAN  SAMICO (1928 / 2013)
Description: ROBERTO WAGNER ARAÚJO Arquitetura & Interiores: NEURÔNIOS: AS XILOGRAVURAS DE GILVAN SAMICO (1928 / 2013)
Link: http://rwarquitetura.blogspot.com/2013/11/neuronios-as-xilogravuras-de-gilvan.html

[ 26 ] Pin Id: 407927678760816988

Title: Samico, Gilvan | galeriabase
Description: Samico, Gilvan | galeriabase
Link: https://www.galeriabase.com/gilvan-samico?lightbox=dataItem-jd4nhb7y

[ 27 ] Pin Id: 407927678760816992

Description: GILVAN SAMICO
Link: http://imgsapp.impresso.diariodepernambuco.com.br/app/da_impresso_130686904244/2011/12/16/2919/20111215214108914830u.jpg

[ 28 ] Pin Id: 407927678760816993

Link: https://s-media-cache-ak0.pinimg.com/236x/9c/a1/02/9ca102f8ac3d5b7c6aff8c358678fefa.jpg

[ 29 ] Pin Id: 407927678760816996

Title: Samico
Link: http://artepopularbrasil.blogspot.com.br/2011/09/samico.html?m=1

[ 30 ] Pin Id: 407927678760816997

Description: Samico - xilogravura

[ 31 ] Pin Id: 407927678760816998

Title: Gilvan Samico - Giovana n°09
Description: MAM - Museu de Arte Moderna: Gilvan Samico - Giovana n°09, xilographia
Link: http://7f2arteband2010.blogspot.com/2010/08/gilvan-samico-giovana-n09.html

[ 32 ] Pin Id: 407927678760817005

Title: Spotart | Compre sua obra de arte
Link: https://www.spotart.com.br/

[ 33 ] Pin Id: 407927678760817007

Title: Cotações de Obras de Arte - Catálogo das Artes
Description: Catalogo das Artes - Visualização de Imagem
Link: https://www.catalogodasartes.com.br/Foto.asp?sPasta=@Obras&Imagem=Daniel%20Mendes/%7BBFDE9142-24F1-46E6-92C1-651851F39EE6%7D_SoraiaCals_15032017_204.jpg

[ 34 ] Pin Id: 407927678760817008

Title: Samico, Gilvan | galeriabase
Description: Samico, Gilvan | galeriabase
Link: https://www.galeriabase.com/gilvan-samico?lightbox=dataItem-jd4nhb7y

